"../../../../../../Users/ALE/Documents/GAME_2nd/GAME LEVEL DESIGN 2/PROJECT 2/ALE_P2_MILESTONE_1/Content/bar/Material__10.uasset" 0
"../../../../../../Users/ALE/Documents/GAME_2nd/GAME LEVEL DESIGN 2/PROJECT 2/ALE_P2_MILESTONE_1/Content/bar/WINE_COPAS_Box11.uasset" 1
"../../../../../../Users/ALE/Documents/GAME_2nd/GAME LEVEL DESIGN 2/PROJECT 2/ALE_P2_MILESTONE_1/Content/bar/wine.uasset" 2
"../../../../../../Users/ALE/Documents/GAME_2nd/GAME LEVEL DESIGN 2/PROJECT 2/ALE_P2_MILESTONE_1/Content/bar/WINE_COPAS_Tube01.uasset" 3
"../../../../../../Users/ALE/Documents/GAME_2nd/GAME LEVEL DESIGN 2/PROJECT 2/ALE_P2_MILESTONE_1/Content/bar/wine_bottle.uasset" 4
"../../../../../../Users/ALE/Documents/GAME_2nd/GAME LEVEL DESIGN 2/PROJECT 2/ALE_P2_MILESTONE_1/Content/bar/wine_label.uasset" 5
"../../../../../../Users/ALE/Documents/GAME_2nd/GAME LEVEL DESIGN 2/PROJECT 2/ALE_P2_MILESTONE_1/Content/bar/WINE_COPAS_wine_bottle01.uasset" 6
"../../../../../../Users/ALE/Documents/GAME_2nd/GAME LEVEL DESIGN 2/PROJECT 2/ALE_P2_MILESTONE_1/Content/bar/wine_glasses.uasset" 7
"../../../../../../Users/ALE/Documents/GAME_2nd/GAME LEVEL DESIGN 2/PROJECT 2/ALE_P2_MILESTONE_1/Content/bar/WINE_COPAS_wine_glass1.uasset" 8
"../../../../../../Users/ALE/Documents/GAME_2nd/GAME LEVEL DESIGN 2/PROJECT 2/ALE_P2_MILESTONE_1/Content/bar/WINE_COPAS_wine_glass_2.uasset" 9
"../../../../../../Users/ALE/Documents/GAME_2nd/GAME LEVEL DESIGN 2/PROJECT 2/ALE_P2_MILESTONE_1/Content/bar/WINE_COPAS_wine_glass_3.uasset" 10
"../../../../../../Users/ALE/Documents/GAME_2nd/GAME LEVEL DESIGN 2/PROJECT 2/ALE_P2_MILESTONE_1/Content/elevator/AM152_063_green.uasset" 11
"../../../../../../Users/ALE/Documents/GAME_2nd/GAME LEVEL DESIGN 2/PROJECT 2/ALE_P2_MILESTONE_1/Content/elevator/AM152_063_Lugstar_Premium_LED_AM152_063_043.uasset" 12
"../../../../../../Users/ALE/Documents/GAME_2nd/GAME LEVEL DESIGN 2/PROJECT 2/ALE_P2_MILESTONE_1/Content/elevator/AM152_063_glass.uasset" 13
"../../../../../../Users/ALE/Documents/GAME_2nd/GAME LEVEL DESIGN 2/PROJECT 2/ALE_P2_MILESTONE_1/Content/elevator/AM152_063_Lugstar_Premium_LED_AM152_063_044.uasset" 14
"../../../../../../Users/ALE/Documents/GAME_2nd/GAME LEVEL DESIGN 2/PROJECT 2/ALE_P2_MILESTONE_1/Content/elevator/AM152_063_white_mat.uasset" 15
"../../../../../../Users/ALE/Documents/GAME_2nd/GAME LEVEL DESIGN 2/PROJECT 2/ALE_P2_MILESTONE_1/Content/elevator/AM152_063_Lugstar_Premium_LED_AM152_063_045.uasset" 16
"../../../../../../Users/ALE/Documents/GAME_2nd/GAME LEVEL DESIGN 2/PROJECT 2/ALE_P2_MILESTONE_1/Content/elevator/AM152_063_chrome.uasset" 17
"../../../../../../Users/ALE/Documents/GAME_2nd/GAME LEVEL DESIGN 2/PROJECT 2/ALE_P2_MILESTONE_1/Content/elevator/AM152_063_Lugstar_Premium_LED_AM152_063_046.uasset" 18
"../../../../../../Users/ALE/Documents/GAME_2nd/GAME LEVEL DESIGN 2/PROJECT 2/ALE_P2_MILESTONE_1/Content/elevator/AM152_063_white.uasset" 19
"../../../../../../Users/ALE/Documents/GAME_2nd/GAME LEVEL DESIGN 2/PROJECT 2/ALE_P2_MILESTONE_1/Content/elevator/AM152_063_Lugstar_Premium_LED_AM152_063_047.uasset" 20
"../../../../../../Users/ALE/Documents/GAME_2nd/GAME LEVEL DESIGN 2/PROJECT 2/ALE_P2_MILESTONE_1/Content/elevator/AM152_063_yellow_led.uasset" 21
"../../../../../../Users/ALE/Documents/GAME_2nd/GAME LEVEL DESIGN 2/PROJECT 2/ALE_P2_MILESTONE_1/Content/elevator/AM152_063_Lugstar_Premium_LED_AM152_063_049.uasset" 22
"../../../../../../Users/ALE/Documents/GAME_2nd/GAME LEVEL DESIGN 2/PROJECT 2/ALE_P2_MILESTONE_1/Content/elevator/AM152_063_red.uasset" 23
"../../../../../../Users/ALE/Documents/GAME_2nd/GAME LEVEL DESIGN 2/PROJECT 2/ALE_P2_MILESTONE_1/Content/elevator/AM152_063_Lugstar_Premium_LED_AM152_063_050.uasset" 24
"../../../../../../Users/ALE/Documents/GAME_2nd/GAME LEVEL DESIGN 2/PROJECT 2/ALE_P2_MILESTONE_1/Content/elevator/AM152_063_Lugstar_Premium_LED_AM152_063_051.uasset" 25
"../../../../../../Users/ALE/Documents/GAME_2nd/GAME LEVEL DESIGN 2/PROJECT 2/ALE_P2_MILESTONE_1/Content/elevator/AM152_063_Lugstar_Premium_LED_AM152_063_052.uasset" 26
"../../../../../../Users/ALE/Documents/GAME_2nd/GAME LEVEL DESIGN 2/PROJECT 2/ALE_P2_MILESTONE_1/Content/elevator/AM152_063_Lugstar_Premium_LED_AM152_063_060.uasset" 27
"../../../../../../Users/ALE/Documents/GAME_2nd/GAME LEVEL DESIGN 2/PROJECT 2/ALE_P2_MILESTONE_1/Content/elevator/AM152_063_Lugstar_Premium_LED_AM152_063_061.uasset" 28
"../../../../../../Users/ALE/Documents/GAME_2nd/GAME LEVEL DESIGN 2/PROJECT 2/ALE_P2_MILESTONE_1/Content/elevator/AM152_063_Lugstar_Premium_LED_AM152_063_063.uasset" 29
"../../../../../../Users/ALE/Documents/GAME_2nd/GAME LEVEL DESIGN 2/PROJECT 2/ALE_P2_MILESTONE_1/Content/elevator/AM152_063_Lugstar_Premium_LED_AM152_063_30.uasset" 30
"../../../../../../Users/ALE/Documents/GAME_2nd/GAME LEVEL DESIGN 2/PROJECT 2/ALE_P2_MILESTONE_1/Content/elevator/AM152_063_Lugstar_Premium_LED_AM152_063_31.uasset" 31
"../../../../../../Users/ALE/Documents/GAME_2nd/GAME LEVEL DESIGN 2/PROJECT 2/ALE_P2_MILESTONE_1/Content/elevator/AM152_063_black.uasset" 32
"../../../../../../Users/ALE/Documents/GAME_2nd/GAME LEVEL DESIGN 2/PROJECT 2/ALE_P2_MILESTONE_1/Content/elevator/AM152_063_Lugstar_Premium_LED_AM152_063_32.uasset" 33
"../../../../../../Users/ALE/Documents/GAME_2nd/GAME LEVEL DESIGN 2/PROJECT 2/ALE_P2_MILESTONE_1/Content/elevator/AM152_063_Lugstar_Premium_LED_AM152_063_33.uasset" 34
"../../../../../../Users/ALE/Documents/GAME_2nd/GAME LEVEL DESIGN 2/PROJECT 2/ALE_P2_MILESTONE_1/Content/elevator/AM152_063_Lugstar_Premium_LED_AM152_063_34.uasset" 35
"../../../../../../Users/ALE/Documents/GAME_2nd/GAME LEVEL DESIGN 2/PROJECT 2/ALE_P2_MILESTONE_1/Content/elevator/AM152_063_Lugstar_Premium_LED_AM152_063_35.uasset" 36
"../../../../../../Users/ALE/Documents/GAME_2nd/GAME LEVEL DESIGN 2/PROJECT 2/ALE_P2_MILESTONE_1/Content/elevator/bp_door_elevator.uasset" 37
"../../../../../../Users/ALE/Documents/GAME_2nd/GAME LEVEL DESIGN 2/PROJECT 2/ALE_P2_MILESTONE_1/Content/FirstPersonBP/Blueprints/FirstPersonCharacter.uasset" 38
"../../../../../../Users/ALE/Documents/GAME_2nd/GAME LEVEL DESIGN 2/PROJECT 2/ALE_P2_MILESTONE_1/Content/Geometry/Meshes/CubeMaterial.uasset" 39
"../../../../../../Users/ALE/Documents/GAME_2nd/GAME LEVEL DESIGN 2/PROJECT 2/ALE_P2_MILESTONE_1/Content/Geometry/Meshes/1M_Cube.uasset" 40
"../../../../../../Users/ALE/Documents/GAME_2nd/GAME LEVEL DESIGN 2/PROJECT 2/ALE_P2_MILESTONE_1/Content/elevator/BP_elevator.uasset" 41
"../../../../../../Users/ALE/Documents/GAME_2nd/GAME LEVEL DESIGN 2/PROJECT 2/ALE_P2_MILESTONE_1/Content/FirstPerson/Character/Mesh/SK_Mannequin_Arms_Skeleton.uasset" 42
"../../../../../../Users/ALE/Documents/GAME_2nd/GAME LEVEL DESIGN 2/PROJECT 2/ALE_P2_MILESTONE_1/Content/FirstPerson/Animations/FirstPerson_Fire.uasset" 43
"../../../../../../Users/ALE/Documents/GAME_2nd/GAME LEVEL DESIGN 2/PROJECT 2/ALE_P2_MILESTONE_1/Content/FirstPerson/Animations/FirstPersonFire_Montage.uasset" 44
"../../../../../../Users/ALE/Documents/GAME_2nd/GAME LEVEL DESIGN 2/PROJECT 2/ALE_P2_MILESTONE_1/Content/FirstPerson/Animations/FirstPerson_Idle.uasset" 45
"../../../../../../Users/ALE/Documents/GAME_2nd/GAME LEVEL DESIGN 2/PROJECT 2/ALE_P2_MILESTONE_1/Content/FirstPerson/Animations/FirstPerson_JumpEnd.uasset" 46
"../../../../../../Users/ALE/Documents/GAME_2nd/GAME LEVEL DESIGN 2/PROJECT 2/ALE_P2_MILESTONE_1/Content/FirstPerson/Animations/FirstPerson_JumpLoop.uasset" 47
"../../../../../../Users/ALE/Documents/GAME_2nd/GAME LEVEL DESIGN 2/PROJECT 2/ALE_P2_MILESTONE_1/Content/FirstPerson/Animations/FirstPerson_JumpStart.uasset" 48
"../../../../../../Users/ALE/Documents/GAME_2nd/GAME LEVEL DESIGN 2/PROJECT 2/ALE_P2_MILESTONE_1/Content/FirstPerson/Animations/FirstPerson_Run.uasset" 49
"../../../Engine/Content/EditorBlueprintResources/StandardMacros.uasset" 50
"../../../../../../Users/ALE/Documents/GAME_2nd/GAME LEVEL DESIGN 2/PROJECT 2/ALE_P2_MILESTONE_1/Content/FirstPerson/Animations/FirstPerson_AnimBP.uasset" 51
"../../../../../../Users/ALE/Documents/GAME_2nd/GAME LEVEL DESIGN 2/PROJECT 2/ALE_P2_MILESTONE_1/Content/FirstPerson/Audio/FirstPersonTemplateWeaponFire02.uasset" 52
"../../../Engine/Content/Functions/Engine_MaterialFunctions02/Utility/BlendAngleCorrectedNormals.uasset" 53
"../../../Engine/Content/Functions/MaterialLayerFunctions/MatLayerBlend_NormalBlend.uasset" 54
"../../../Engine/Content/Functions/MaterialLayerFunctions/MatLayerBlend_Simple.uasset" 55
"../../../../../../Users/ALE/Documents/GAME_2nd/GAME LEVEL DESIGN 2/PROJECT 2/ALE_P2_MILESTONE_1/Content/FirstPerson/Character/Materials/MaterialLayers/T_ML_Rubber_Blue_01_D.uasset" 56
"../../../../../../Users/ALE/Documents/GAME_2nd/GAME LEVEL DESIGN 2/PROJECT 2/ALE_P2_MILESTONE_1/Content/FirstPerson/Character/Materials/MaterialLayers/T_ML_Rubber_Blue_01_N.uasset" 57
"../../../../../../Users/ALE/Documents/GAME_2nd/GAME LEVEL DESIGN 2/PROJECT 2/ALE_P2_MILESTONE_1/Content/FirstPerson/Character/Materials/MaterialLayers/ML_GlossyBlack_Latex_UE4.uasset" 58
"../../../../../../Users/ALE/Documents/GAME_2nd/GAME LEVEL DESIGN 2/PROJECT 2/ALE_P2_MILESTONE_1/Content/FirstPerson/Character/Materials/MaterialLayers/ML_Plastic_Shiny_Beige.uasset" 59
"../../../../../../Users/ALE/Documents/GAME_2nd/GAME LEVEL DESIGN 2/PROJECT 2/ALE_P2_MILESTONE_1/Content/FirstPerson/Character/Textures/UE4_LOGO_CARD.uasset" 60
"../../../../../../Users/ALE/Documents/GAME_2nd/GAME LEVEL DESIGN 2/PROJECT 2/ALE_P2_MILESTONE_1/Content/FirstPerson/Character/Materials/MaterialLayers/ML_Plastic_Shiny_Beige_LOGO.uasset" 61
"../../../../../../Users/ALE/Documents/GAME_2nd/GAME LEVEL DESIGN 2/PROJECT 2/ALE_P2_MILESTONE_1/Content/FirstPerson/Character/Materials/MaterialLayers/T_ML_Aluminum01.uasset" 62
"../../../../../../Users/ALE/Documents/GAME_2nd/GAME LEVEL DESIGN 2/PROJECT 2/ALE_P2_MILESTONE_1/Content/FirstPerson/Character/Materials/MaterialLayers/T_ML_Aluminum01_N.uasset" 63
"../../../../../../Users/ALE/Documents/GAME_2nd/GAME LEVEL DESIGN 2/PROJECT 2/ALE_P2_MILESTONE_1/Content/FirstPerson/Character/Materials/MaterialLayers/ML_SoftMetal_UE4.uasset" 64
"../../../../../../Users/ALE/Documents/GAME_2nd/GAME LEVEL DESIGN 2/PROJECT 2/ALE_P2_MILESTONE_1/Content/FirstPerson/Character/Textures/UE4_Mannequin__normals.uasset" 65
"../../../../../../Users/ALE/Documents/GAME_2nd/GAME LEVEL DESIGN 2/PROJECT 2/ALE_P2_MILESTONE_1/Content/FirstPerson/Character/Textures/UE4_Mannequin_MAT_MASKA.uasset" 66
"../../../../../../Users/ALE/Documents/GAME_2nd/GAME LEVEL DESIGN 2/PROJECT 2/ALE_P2_MILESTONE_1/Content/FirstPerson/Character/Materials/M_UE4Man_Body.uasset" 67
"../../../../../../Users/ALE/Documents/GAME_2nd/GAME LEVEL DESIGN 2/PROJECT 2/ALE_P2_MILESTONE_1/Content/FirstPerson/Character/Mesh/SK_Mannequin_Arms_PhysicsAsset.uasset" 68
"../../../../../../Users/ALE/Documents/GAME_2nd/GAME LEVEL DESIGN 2/PROJECT 2/ALE_P2_MILESTONE_1/Content/FirstPerson/Character/Mesh/SK_Mannequin_Arms.uasset" 69
"../../../../../../Users/ALE/Documents/GAME_2nd/GAME LEVEL DESIGN 2/PROJECT 2/ALE_P2_MILESTONE_1/Content/FirstPerson/FPWeapon/Materials/MaterialLayers/ML_Plastic_Shiny_Beige_LOGO.uasset" 70
"../../../../../../Users/ALE/Documents/GAME_2nd/GAME LEVEL DESIGN 2/PROJECT 2/ALE_P2_MILESTONE_1/Content/FirstPerson/FPWeapon/Materials/MaterialLayers/T_ML_FineRubber.uasset" 71
"../../../../../../Users/ALE/Documents/GAME_2nd/GAME LEVEL DESIGN 2/PROJECT 2/ALE_P2_MILESTONE_1/Content/FirstPerson/FPWeapon/Materials/MaterialLayers/T_ML_Rubber_Blue_01_D.uasset" 72
"../../../../../../Users/ALE/Documents/GAME_2nd/GAME LEVEL DESIGN 2/PROJECT 2/ALE_P2_MILESTONE_1/Content/FirstPerson/FPWeapon/Materials/MaterialLayers/T_ML_Rubber_Blue_01_N.uasset" 73
"../../../../../../Users/ALE/Documents/GAME_2nd/GAME LEVEL DESIGN 2/PROJECT 2/ALE_P2_MILESTONE_1/Content/FirstPerson/FPWeapon/Materials/MaterialLayers/ML_GlossyBlack_Latex_UE4.uasset" 74
"../../../../../../Users/ALE/Documents/GAME_2nd/GAME LEVEL DESIGN 2/PROJECT 2/ALE_P2_MILESTONE_1/Content/FirstPerson/FPWeapon/Materials/MaterialLayers/ML_Plastic_Shiny_Beige.uasset" 75
"../../../../../../Users/ALE/Documents/GAME_2nd/GAME LEVEL DESIGN 2/PROJECT 2/ALE_P2_MILESTONE_1/Content/FirstPerson/FPWeapon/Materials/MaterialLayers/ML_Screen.uasset" 76
"../../../../../../Users/ALE/Documents/GAME_2nd/GAME LEVEL DESIGN 2/PROJECT 2/ALE_P2_MILESTONE_1/Content/FirstPerson/FPWeapon/Materials/MaterialLayers/T_ML_Aluminum01.uasset" 77
"../../../../../../Users/ALE/Documents/GAME_2nd/GAME LEVEL DESIGN 2/PROJECT 2/ALE_P2_MILESTONE_1/Content/FirstPerson/FPWeapon/Materials/MaterialLayers/T_ML_Aluminum01_N.uasset" 78
"../../../../../../Users/ALE/Documents/GAME_2nd/GAME LEVEL DESIGN 2/PROJECT 2/ALE_P2_MILESTONE_1/Content/FirstPerson/FPWeapon/Materials/MaterialLayers/ML_SoftMetal_UE4.uasset" 79
"../../../../../../Users/ALE/Documents/GAME_2nd/GAME LEVEL DESIGN 2/PROJECT 2/ALE_P2_MILESTONE_1/Content/FirstPerson/FPWeapon/Textures/T_FPGun_M.uasset" 80
"../../../../../../Users/ALE/Documents/GAME_2nd/GAME LEVEL DESIGN 2/PROJECT 2/ALE_P2_MILESTONE_1/Content/FirstPerson/FPWeapon/Textures/T_FPGun_N.uasset" 81
"../../../../../../Users/ALE/Documents/GAME_2nd/GAME LEVEL DESIGN 2/PROJECT 2/ALE_P2_MILESTONE_1/Content/FirstPerson/FPWeapon/Materials/M_FPGun.uasset" 82
"../../../../../../Users/ALE/Documents/GAME_2nd/GAME LEVEL DESIGN 2/PROJECT 2/ALE_P2_MILESTONE_1/Content/FirstPerson/FPWeapon/Mesh/SK_FPGun_Skeleton.uasset" 83
"../../../../../../Users/ALE/Documents/GAME_2nd/GAME LEVEL DESIGN 2/PROJECT 2/ALE_P2_MILESTONE_1/Content/FirstPerson/FPWeapon/Mesh/SK_FPGun.uasset" 84
"../../../../../../Users/ALE/Documents/GAME_2nd/GAME LEVEL DESIGN 2/PROJECT 2/ALE_P2_MILESTONE_1/Content/FirstPerson/FPWeapon/Mesh/SK_FPGun_PhysicsAsset.uasset" 85
"../../../../../../Users/ALE/Documents/GAME_2nd/GAME LEVEL DESIGN 2/PROJECT 2/ALE_P2_MILESTONE_1/Content/FirstPerson/Meshes/BaseMaterial.uasset" 86
"../../../../../../Users/ALE/Documents/GAME_2nd/GAME LEVEL DESIGN 2/PROJECT 2/ALE_P2_MILESTONE_1/Content/FirstPerson/Meshes/CubeMaterialOverride.uasset" 87
"../../../../../../Users/ALE/Documents/GAME_2nd/GAME LEVEL DESIGN 2/PROJECT 2/ALE_P2_MILESTONE_1/Content/FirstPerson/Meshes/FirstPersonProjectileMaterial.uasset" 88
"../../../../../../Users/ALE/Documents/GAME_2nd/GAME LEVEL DESIGN 2/PROJECT 2/ALE_P2_MILESTONE_1/Content/FirstPerson/Meshes/FirstPersonProjectileMesh.uasset" 89
"../../../../../../Users/ALE/Documents/GAME_2nd/GAME LEVEL DESIGN 2/PROJECT 2/ALE_P2_MILESTONE_1/Content/FirstPersonBP/Blueprints/FirstPersonProjectile.uasset" 90
"../../../../../../Users/ALE/Documents/GAME_2nd/GAME LEVEL DESIGN 2/PROJECT 2/ALE_P2_MILESTONE_1/Content/Geometry/Meshes/1M_Cube_Chamfer.uasset" 91
"../../../../../../Users/ALE/Documents/GAME_2nd/GAME LEVEL DESIGN 2/PROJECT 2/ALE_P2_MILESTONE_1/Content/Geometry/Meshes/TemplateFloor.uasset" 92
"../../../../../../Users/ALE/Documents/GAME_2nd/GAME LEVEL DESIGN 2/PROJECT 2/ALE_P2_MILESTONE_1/Content/StarterContent/Materials/M_Basic_Wall.uasset" 93
"../../../../../../Users/ALE/Documents/GAME_2nd/GAME LEVEL DESIGN 2/PROJECT 2/ALE_P2_MILESTONE_1/Content/StarterContent/Architecture/Pillar_50x500.uasset" 94
"../../../../../../Users/ALE/Documents/GAME_2nd/GAME LEVEL DESIGN 2/PROJECT 2/ALE_P2_MILESTONE_1/Content/StarterContent/Architecture/Wall_400x300.uasset" 95
"../../../../../../Users/ALE/Documents/GAME_2nd/GAME LEVEL DESIGN 2/PROJECT 2/ALE_P2_MILESTONE_1/Content/StarterContent/Architecture/Wall_400x400.uasset" 96
"../../../../../../Users/ALE/Documents/GAME_2nd/GAME LEVEL DESIGN 2/PROJECT 2/ALE_P2_MILESTONE_1/Content/StarterContent/Architecture/Wall_500x500.uasset" 97
"../../../../../../Users/ALE/Documents/GAME_2nd/GAME LEVEL DESIGN 2/PROJECT 2/ALE_P2_MILESTONE_1/Content/StarterContent/Architecture/Wall_Door_400x400.uasset" 98
"../../../../../../Users/ALE/Documents/GAME_2nd/GAME LEVEL DESIGN 2/PROJECT 2/ALE_P2_MILESTONE_1/Content/StarterContent/Architecture/Wall_Window_400x400.uasset" 99
"../../../../../../Users/ALE/Documents/GAME_2nd/GAME LEVEL DESIGN 2/PROJECT 2/ALE_P2_MILESTONE_1/Content/StarterContent/Audio/Collapse01.uasset" 100
"../../../../../../Users/ALE/Documents/GAME_2nd/GAME LEVEL DESIGN 2/PROJECT 2/ALE_P2_MILESTONE_1/Content/StarterContent/Audio/Collapse02.uasset" 101
"../../../../../../Users/ALE/Documents/GAME_2nd/GAME LEVEL DESIGN 2/PROJECT 2/ALE_P2_MILESTONE_1/Content/StarterContent/Audio/Explosion01.uasset" 102
"../../../../../../Users/ALE/Documents/GAME_2nd/GAME LEVEL DESIGN 2/PROJECT 2/ALE_P2_MILESTONE_1/Content/StarterContent/Audio/Explosion02.uasset" 103
"../../../../../../Users/ALE/Documents/GAME_2nd/GAME LEVEL DESIGN 2/PROJECT 2/ALE_P2_MILESTONE_1/Content/StarterContent/Audio/Fire01.uasset" 104
"../../../../../../Users/ALE/Documents/GAME_2nd/GAME LEVEL DESIGN 2/PROJECT 2/ALE_P2_MILESTONE_1/Content/StarterContent/Audio/Fire_Sparks01.uasset" 105
"../../../../../../Users/ALE/Documents/GAME_2nd/GAME LEVEL DESIGN 2/PROJECT 2/ALE_P2_MILESTONE_1/Content/StarterContent/Audio/Light01.uasset" 106
"../../../../../../Users/ALE/Documents/GAME_2nd/GAME LEVEL DESIGN 2/PROJECT 2/ALE_P2_MILESTONE_1/Content/StarterContent/Audio/Light01_Cue.uasset" 107
"../../../../../../Users/ALE/Documents/GAME_2nd/GAME LEVEL DESIGN 2/PROJECT 2/ALE_P2_MILESTONE_1/Content/StarterContent/Audio/Light02.uasset" 108
"../../../../../../Users/ALE/Documents/GAME_2nd/GAME LEVEL DESIGN 2/PROJECT 2/ALE_P2_MILESTONE_1/Content/StarterContent/Audio/Light02_Cue.uasset" 109
"../../../../../../Users/ALE/Documents/GAME_2nd/GAME LEVEL DESIGN 2/PROJECT 2/ALE_P2_MILESTONE_1/Content/StarterContent/Audio/Smoke01.uasset" 110
"../../../../../../Users/ALE/Documents/GAME_2nd/GAME LEVEL DESIGN 2/PROJECT 2/ALE_P2_MILESTONE_1/Content/StarterContent/Audio/Starter_Birds01.uasset" 111
"../../../../../../Users/ALE/Documents/GAME_2nd/GAME LEVEL DESIGN 2/PROJECT 2/ALE_P2_MILESTONE_1/Content/StarterContent/Audio/Starter_Music01.uasset" 112
"../../../../../../Users/ALE/Documents/GAME_2nd/GAME LEVEL DESIGN 2/PROJECT 2/ALE_P2_MILESTONE_1/Content/StarterContent/Audio/Starter_Wind05.uasset" 113
"../../../../../../Users/ALE/Documents/GAME_2nd/GAME LEVEL DESIGN 2/PROJECT 2/ALE_P2_MILESTONE_1/Content/StarterContent/Audio/Starter_Wind06.uasset" 114
"../../../../../../Users/ALE/Documents/GAME_2nd/GAME LEVEL DESIGN 2/PROJECT 2/ALE_P2_MILESTONE_1/Content/StarterContent/Audio/Steam01.uasset" 115
"../../../../../../Users/ALE/Documents/GAME_2nd/GAME LEVEL DESIGN 2/PROJECT 2/ALE_P2_MILESTONE_1/Content/StarterContent/Audio/Explosion_Cue.uasset" 116
"../../../../../../Users/ALE/Documents/GAME_2nd/GAME LEVEL DESIGN 2/PROJECT 2/ALE_P2_MILESTONE_1/Content/StarterContent/Textures/T_Burst_M.uasset" 117
"../../../../../../Users/ALE/Documents/GAME_2nd/GAME LEVEL DESIGN 2/PROJECT 2/ALE_P2_MILESTONE_1/Content/StarterContent/Particles/Materials/M_Burst.uasset" 118
"../../../../../../Users/ALE/Documents/GAME_2nd/GAME LEVEL DESIGN 2/PROJECT 2/ALE_P2_MILESTONE_1/Content/StarterContent/Textures/T_Explosion_SubUV.uasset" 119
"../../../../../../Users/ALE/Documents/GAME_2nd/GAME LEVEL DESIGN 2/PROJECT 2/ALE_P2_MILESTONE_1/Content/StarterContent/Particles/Materials/M_explosion_subUV.uasset" 120
"../../../../../../Users/ALE/Documents/GAME_2nd/GAME LEVEL DESIGN 2/PROJECT 2/ALE_P2_MILESTONE_1/Content/StarterContent/Particles/Materials/m_flare_01.uasset" 121
"../../../Engine/Content/Functions/Engine_MaterialFunctions01/Gradient/RadialGradient.uasset" 122
"../../../../../../Users/ALE/Documents/GAME_2nd/GAME LEVEL DESIGN 2/PROJECT 2/ALE_P2_MILESTONE_1/Content/StarterContent/Particles/Materials/M_radial_ramp.uasset" 123
"../../../../../../Users/ALE/Documents/GAME_2nd/GAME LEVEL DESIGN 2/PROJECT 2/ALE_P2_MILESTONE_1/Content/StarterContent/Textures/T_Smoke_SubUV.uasset" 124
"../../../../../../Users/ALE/Documents/GAME_2nd/GAME LEVEL DESIGN 2/PROJECT 2/ALE_P2_MILESTONE_1/Content/StarterContent/Textures/T_Smoke_Tiled_D.uasset" 125
"../../../../../../Users/ALE/Documents/GAME_2nd/GAME LEVEL DESIGN 2/PROJECT 2/ALE_P2_MILESTONE_1/Content/StarterContent/Particles/Materials/M_smoke_subUV.uasset" 126
"../../../../../../Users/ALE/Documents/GAME_2nd/GAME LEVEL DESIGN 2/PROJECT 2/ALE_P2_MILESTONE_1/Content/StarterContent/Particles/P_Explosion.uasset" 127
"../../../../../../Users/ALE/Documents/GAME_2nd/GAME LEVEL DESIGN 2/PROJECT 2/ALE_P2_MILESTONE_1/Content/StarterContent/Blueprints/Blueprint_Effect_Explosion.uasset" 128
"../../../Engine/Content/EditorMeshes/ColorCalibrator/T_ColorGrid.uasset" 129
"../../../../../../Users/ALE/Documents/GAME_2nd/GAME LEVEL DESIGN 2/PROJECT 2/ALE_P2_MILESTONE_1/Content/StarterContent/Materials/M_ColorGrid_LowSpec.uasset" 130
"../../../../../../Users/ALE/Documents/GAME_2nd/GAME LEVEL DESIGN 2/PROJECT 2/ALE_P2_MILESTONE_1/Content/StarterContent/Textures/T_Bush_D.uasset" 131
"../../../../../../Users/ALE/Documents/GAME_2nd/GAME LEVEL DESIGN 2/PROJECT 2/ALE_P2_MILESTONE_1/Content/StarterContent/Textures/T_Bush_N.uasset" 132
"../../../../../../Users/ALE/Documents/GAME_2nd/GAME LEVEL DESIGN 2/PROJECT 2/ALE_P2_MILESTONE_1/Content/StarterContent/Props/Materials/M_Bush.uasset" 133
"../../../../../../Users/ALE/Documents/GAME_2nd/GAME LEVEL DESIGN 2/PROJECT 2/ALE_P2_MILESTONE_1/Content/StarterContent/Props/SM_Bush.uasset" 134
"../../../../../../Users/ALE/Documents/GAME_2nd/GAME LEVEL DESIGN 2/PROJECT 2/ALE_P2_MILESTONE_1/Content/StarterContent/Textures/T_Chair_M.uasset" 135
"../../../../../../Users/ALE/Documents/GAME_2nd/GAME LEVEL DESIGN 2/PROJECT 2/ALE_P2_MILESTONE_1/Content/StarterContent/Textures/T_Chair_N.uasset" 136
"../../../../../../Users/ALE/Documents/GAME_2nd/GAME LEVEL DESIGN 2/PROJECT 2/ALE_P2_MILESTONE_1/Content/StarterContent/Props/Materials/M_Chair.uasset" 137
"../../../../../../Users/ALE/Documents/GAME_2nd/GAME LEVEL DESIGN 2/PROJECT 2/ALE_P2_MILESTONE_1/Content/StarterContent/Props/SM_Couch.uasset" 138
"../../../../../../Users/ALE/Documents/GAME_2nd/GAME LEVEL DESIGN 2/PROJECT 2/ALE_P2_MILESTONE_1/Content/StarterContent/Materials/M_Glass.uasset" 139
"../../../../../../Users/ALE/Documents/GAME_2nd/GAME LEVEL DESIGN 2/PROJECT 2/ALE_P2_MILESTONE_1/Content/StarterContent/Textures/T_Door_M.uasset" 140
"../../../../../../Users/ALE/Documents/GAME_2nd/GAME LEVEL DESIGN 2/PROJECT 2/ALE_P2_MILESTONE_1/Content/StarterContent/Textures/T_Door_N.uasset" 141
"../../../../../../Users/ALE/Documents/GAME_2nd/GAME LEVEL DESIGN 2/PROJECT 2/ALE_P2_MILESTONE_1/Content/StarterContent/Props/Materials/M_Door.uasset" 142
"../../../../../../Users/ALE/Documents/GAME_2nd/GAME LEVEL DESIGN 2/PROJECT 2/ALE_P2_MILESTONE_1/Content/StarterContent/Props/SM_Door.uasset" 143
"../../../../../../Users/ALE/Documents/GAME_2nd/GAME LEVEL DESIGN 2/PROJECT 2/ALE_P2_MILESTONE_1/Content/StarterContent/Props/Materials/M_MaterialSphere.uasset" 144
"../../../../../../Users/ALE/Documents/GAME_2nd/GAME LEVEL DESIGN 2/PROJECT 2/ALE_P2_MILESTONE_1/Content/StarterContent/Props/Materials/M_MaterialSphere_Plain.uasset" 145
"../../../../../../Users/ALE/Documents/GAME_2nd/GAME LEVEL DESIGN 2/PROJECT 2/ALE_P2_MILESTONE_1/Content/StarterContent/Props/SM_MatPreviewMesh_02.uasset" 146
"../../../../../../Users/ALE/Documents/GAME_2nd/GAME LEVEL DESIGN 2/PROJECT 2/ALE_P2_MILESTONE_1/Content/StarterContent/Textures/T_Detail_Rocky_N.uasset" 147
"../../../../../../Users/ALE/Documents/GAME_2nd/GAME LEVEL DESIGN 2/PROJECT 2/ALE_P2_MILESTONE_1/Content/StarterContent/Textures/T_Rock_Basalt_D.uasset" 148
"../../../../../../Users/ALE/Documents/GAME_2nd/GAME LEVEL DESIGN 2/PROJECT 2/ALE_P2_MILESTONE_1/Content/StarterContent/Textures/T_RockMesh_M.uasset" 149
"../../../../../../Users/ALE/Documents/GAME_2nd/GAME LEVEL DESIGN 2/PROJECT 2/ALE_P2_MILESTONE_1/Content/StarterContent/Textures/T_RockMesh_N.uasset" 150
"../../../../../../Users/ALE/Documents/GAME_2nd/GAME LEVEL DESIGN 2/PROJECT 2/ALE_P2_MILESTONE_1/Content/StarterContent/Props/Materials/M_Rock.uasset" 151
"../../../../../../Users/ALE/Documents/GAME_2nd/GAME LEVEL DESIGN 2/PROJECT 2/ALE_P2_MILESTONE_1/Content/StarterContent/Props/SM_Rock.uasset" 152
"../../../../../../Users/ALE/Documents/GAME_2nd/GAME LEVEL DESIGN 2/PROJECT 2/ALE_P2_MILESTONE_1/Content/StarterContent/Textures/T_Shelf_M.uasset" 153
"../../../../../../Users/ALE/Documents/GAME_2nd/GAME LEVEL DESIGN 2/PROJECT 2/ALE_P2_MILESTONE_1/Content/StarterContent/Textures/T_Shelf_N.uasset" 154
"../../../../../../Users/ALE/Documents/GAME_2nd/GAME LEVEL DESIGN 2/PROJECT 2/ALE_P2_MILESTONE_1/Content/StarterContent/Props/Materials/M_Shelf.uasset" 155
"../../../../../../Users/ALE/Documents/GAME_2nd/GAME LEVEL DESIGN 2/PROJECT 2/ALE_P2_MILESTONE_1/Content/StarterContent/Props/SM_Shelf.uasset" 156
"../../../../../../Users/ALE/Documents/GAME_2nd/GAME LEVEL DESIGN 2/PROJECT 2/ALE_P2_MILESTONE_1/Content/StarterContent/Materials/M_Basic_Floor.uasset" 157
"../../../../../../Users/ALE/Documents/GAME_2nd/GAME LEVEL DESIGN 2/PROJECT 2/ALE_P2_MILESTONE_1/Content/StarterContent/Props/SM_Stairs.uasset" 158
"../../../../../../Users/ALE/Documents/GAME_2nd/GAME LEVEL DESIGN 2/PROJECT 2/ALE_P2_MILESTONE_1/Content/StarterContent/Shapes/Shape_Cone.uasset" 159
"../../../../../../Users/ALE/Documents/GAME_2nd/GAME LEVEL DESIGN 2/PROJECT 2/ALE_P2_MILESTONE_1/Content/StarterContent/Shapes/Shape_Cylinder.uasset" 160
"../../../../../../Users/ALE/Documents/GAME_2nd/GAME LEVEL DESIGN 2/PROJECT 2/ALE_P2_MILESTONE_1/Content/StarterContent/Shapes/Shape_NarrowCapsule.uasset" 161
"../../../../../../Users/ALE/Documents/GAME_2nd/GAME LEVEL DESIGN 2/PROJECT 2/ALE_P2_MILESTONE_1/Content/StarterContent/Shapes/Shape_Pipe.uasset" 162
"../../../../../../Users/ALE/Documents/GAME_2nd/GAME LEVEL DESIGN 2/PROJECT 2/ALE_P2_MILESTONE_1/Content/StarterContent/Shapes/Shape_Pipe_180.uasset" 163
"../../../../../../Users/ALE/Documents/GAME_2nd/GAME LEVEL DESIGN 2/PROJECT 2/ALE_P2_MILESTONE_1/Content/StarterContent/Shapes/Shape_Pipe_90.uasset" 164
"../../../../../../Users/ALE/Documents/GAME_2nd/GAME LEVEL DESIGN 2/PROJECT 2/ALE_P2_MILESTONE_1/Content/StarterContent/Shapes/Shape_Plane.uasset" 165
"../../../../../../Users/ALE/Documents/GAME_2nd/GAME LEVEL DESIGN 2/PROJECT 2/ALE_P2_MILESTONE_1/Content/StarterContent/Shapes/Shape_Torus.uasset" 166
"../../../../../../Users/ALE/Documents/GAME_2nd/GAME LEVEL DESIGN 2/PROJECT 2/ALE_P2_MILESTONE_1/Content/StarterContent/Shapes/Shape_Trim.uasset" 167
"../../../../../../Users/ALE/Documents/GAME_2nd/GAME LEVEL DESIGN 2/PROJECT 2/ALE_P2_MILESTONE_1/Content/StarterContent/Shapes/Shape_Trim_90_In.uasset" 168
"../../../../../../Users/ALE/Documents/GAME_2nd/GAME LEVEL DESIGN 2/PROJECT 2/ALE_P2_MILESTONE_1/Content/StarterContent/Shapes/Shape_Trim_90_Out.uasset" 169
"../../../../../../Users/ALE/Documents/GAME_2nd/GAME LEVEL DESIGN 2/PROJECT 2/ALE_P2_MILESTONE_1/Content/StarterContent/Shapes/Shape_TriPyramid.uasset" 170
"../../../../../../Users/ALE/Documents/GAME_2nd/GAME LEVEL DESIGN 2/PROJECT 2/ALE_P2_MILESTONE_1/Content/StarterContent/Shapes/Shape_Tube.uasset" 171
"../../../../../../Users/ALE/Documents/GAME_2nd/GAME LEVEL DESIGN 2/PROJECT 2/ALE_P2_MILESTONE_1/Content/StarterContent/Shapes/Shape_Wedge_A.uasset" 172
"../../../../../../Users/ALE/Documents/GAME_2nd/GAME LEVEL DESIGN 2/PROJECT 2/ALE_P2_MILESTONE_1/Content/StarterContent/Shapes/Shape_Wedge_B.uasset" 173
"../../../../../../Users/ALE/Documents/GAME_2nd/GAME LEVEL DESIGN 2/PROJECT 2/ALE_P2_MILESTONE_1/Content/StarterContent/Shapes/Shape_WideCapsule.uasset" 174
"../../../../../../Users/ALE/Documents/GAME_2nd/GAME LEVEL DESIGN 2/PROJECT 2/ALE_P2_MILESTONE_1/Content/television/Base.uasset" 175
"../../../../../../Users/ALE/Documents/GAME_2nd/GAME LEVEL DESIGN 2/PROJECT 2/ALE_P2_MILESTONE_1/Content/television/television_samsung_Stand_Base.uasset" 176
"../../../../../../Users/ALE/Documents/GAME_2nd/GAME LEVEL DESIGN 2/PROJECT 2/ALE_P2_MILESTONE_1/Content/television/Chrome.uasset" 177
"../../../../../../Users/ALE/Documents/GAME_2nd/GAME LEVEL DESIGN 2/PROJECT 2/ALE_P2_MILESTONE_1/Content/television/television_samsung_Stand_Chrome.uasset" 178
"../../../../../../Users/ALE/Documents/GAME_2nd/GAME LEVEL DESIGN 2/PROJECT 2/ALE_P2_MILESTONE_1/Content/textures/images.uasset" 179
"../../../../../../Users/ALE/Documents/GAME_2nd/GAME LEVEL DESIGN 2/PROJECT 2/ALE_P2_MILESTONE_1/Content/textures/images_Mat.uasset" 180
"../../../../../../Users/ALE/Documents/GAME_2nd/GAME LEVEL DESIGN 2/PROJECT 2/ALE_P2_MILESTONE_1/Content/textures/Italian-marble-floor-tiles-prices-in-Sri.uasset" 181
"../../../../../../Users/ALE/Documents/GAME_2nd/GAME LEVEL DESIGN 2/PROJECT 2/ALE_P2_MILESTONE_1/Content/textures/MAT_MARBLE_FLOOR.uasset" 182
"../../../Engine/Content/Functions/Engine_MaterialFunctions01/Opacity/CameraDepthFade.uasset" 183
"../../../Engine/Content/EngineMaterials/T_Default_Material_Grid_M.uasset" 184
"../../../Engine/Content/EngineMaterials/T_Default_Material_Grid_N.uasset" 185
"../../../Engine/Content/EngineMaterials/WorldGridMaterial.uasset" 186
"../../../Engine/Content/ArtTools/RenderToTexture/Meshes/S_1_Unit_Plane.uasset" 187
"../../../Engine/Content/EngineMaterials/DefaultMaterial.uasset" 188
"../../../Engine/Content/BasicShapes/Cone.uasset" 189
"../../../Engine/Content/BasicShapes/Cylinder.uasset" 190
"../../../Engine/Content/BasicShapes/Plane.uasset" 191
"../../../Engine/Content/BasicShapes/Sphere.uasset" 192
"../../../Engine/Content/EditorLandscapeResources/DataLayer.uasset" 193
"../../../Engine/Content/EditorMaterials/GizmoMaterial.uasset" 194
"../../../Engine/Content/EditorMaterials/MAT_Groups_Toggle.uasset" 195
"../../../Engine/Content/EditorMaterials/MAT_Groups_Visibility.uasset" 196
"../../../Engine/Content/EditorMaterials/PreviewShadowIndicator.uasset" 197
"../../../Engine/Content/EditorMaterials/PreviewShadowIndicatorMaterial.uasset" 198
"../../../Engine/Content/EditorMaterials/MatineeGroups/MAT_ColorTrack.uasset" 199
"../../../Engine/Content/EditorMaterials/MatineeGroups/MAT_Groups_Anim.uasset" 200
"../../../Engine/Content/EditorMaterials/MatineeGroups/MAT_Groups_AudioMaster.uasset" 201
"../../../Engine/Content/EditorMaterials/MatineeGroups/MAT_Groups_Director.uasset" 202
"../../../Engine/Content/EditorMaterials/MatineeGroups/MAT_Groups_Event.uasset" 203
"../../../Engine/Content/EditorMaterials/MatineeGroups/MAT_Groups_Fade.uasset" 204
"../../../Engine/Content/EditorMaterials/MatineeGroups/MAT_Groups_Float.uasset" 205
"../../../Engine/Content/EditorMaterials/MatineeGroups/MAT_Groups_Move.uasset" 206
"../../../Engine/Content/EditorMaterials/MatineeGroups/MAT_Groups_Slomo.uasset" 207
"../../../Engine/Content/EditorMaterials/MatineeGroups/MAT_Groups_Sound.uasset" 208
"../../../Engine/Content/EditorMaterials/MatineeGroups/MAT_Groups_Vector.uasset" 209
"../../../Engine/Content/EditorMaterials/ParticleSystems/PSysThumbnail_NoImage.uasset" 210
"../../../Engine/Content/EditorMaterials/ParticleSystems/PSysThumbnail_OOD.uasset" 211
"../../../Engine/Content/EditorMaterials/Camera/CineMat.uasset" 212
"../../../Engine/Content/EditorMaterials/Camera/MI_CineMat_Rig.uasset" 213
"../../../Engine/Content/EditorMeshes/Camera/SM_CraneRig_Arm.uasset" 214
"../../../Engine/Content/EditorMeshes/Camera/SM_CraneRig_Base.uasset" 215
"../../../Engine/Content/EditorMeshes/Camera/SM_CraneRig_Body.uasset" 216
"../../../Engine/Content/EditorMeshes/Camera/SM_CraneRig_Mount.uasset" 217
"../../../Engine/Content/EditorMeshes/Camera/SM_RailRig_Mount.uasset" 218
"../../../Engine/Content/EditorMeshes/Camera/SM_RailRig_Track.uasset" 219
"../../../Engine/Content/EditorResources/BSPVertex.uasset" 220
"../../../Engine/Content/EditorResources/EmptyActor.uasset" 221
"../../../Engine/Content/EditorResources/S_Actor.uasset" 222
"../../../Engine/Content/EditorResources/S_Trigger.uasset" 223
"../../../Engine/Content/EditorResources/AudioIcons/S_AudioComponent.uasset" 224
"../../../Engine/Content/EditorResources/AudioIcons/S_AudioComponent_AutoActivate.uasset" 225
"../../../Engine/Content/EditorResources/LightIcons/S_LightError.uasset" 226
"../../../Engine/Content/EditorResources/SequenceRecorder/Countdown.uasset" 227
"../../../Engine/Content/EditorResources/SequenceRecorder/RecordingIndicator.uasset" 228
"../../../Engine/Content/EditorSounds/Notifications/CompileFailed.uasset" 229
"../../../Engine/Content/EditorSounds/Notifications/CompileFailed_Cue.uasset" 230
"../../../Engine/Content/EditorSounds/Notifications/CompileSuccess.uasset" 231
"../../../Engine/Content/EditorSounds/Notifications/CompileStart_Cue.uasset" 232
"../../../Engine/Content/EditorSounds/Notifications/CompileSuccess_Cue.uasset" 233
"../../../Engine/Content/EngineDamageTypes/DmgTypeBP_Environmental.uasset" 234
"../../../Engine/Content/EngineDebugMaterials/HeatmapGradient.uasset" 235
"../../../Engine/Content/EngineDebugMaterials/BoneWeightMaterial.uasset" 236
"../../../Engine/Content/EngineDebugMaterials/ClothMaterial.uasset" 237
"../../../Engine/Content/EngineDebugMaterials/ClothMaterial_WF.uasset" 238
"../../../Engine/Content/EngineDebugMaterials/DebugEditorMaterial.uasset" 239
"../../../Engine/Content/EngineDebugMaterials/DebugMeshMaterial.uasset" 240
"../../../Engine/Content/EngineDebugMaterials/GeomMaterial.uasset" 241
"../../../Engine/Content/EngineDebugMaterials/M_SimpleTranslucent.uasset" 242
"../../../Engine/Content/EngineFonts/Faces/RobotoBold.uasset" 243
"../../../Engine/Content/EngineFonts/Faces/RobotoBoldItalic.uasset" 244
"../../../Engine/Content/EngineFonts/Faces/RobotoItalic.uasset" 245
"../../../Engine/Content/EngineFonts/Faces/RobotoLight.uasset" 246
"../../../Engine/Content/EngineFonts/Faces/RobotoRegular.uasset" 247
"../../../Engine/Content/EngineFonts/Roboto.uasset" 248
"../../../Engine/Content/EngineFonts/Faces/RobotoTiny.uasset" 249
"../../../Engine/Content/EngineFonts/RobotoTiny.uasset" 250
"../../../Engine/Content/EngineMaterials/BaseFlattenDiffuseMap.uasset" 251
"../../../Engine/Content/EngineMaterials/BaseFlattenEmissiveMap.uasset" 252
"../../../Engine/Content/EngineMaterials/BaseFlattenGrayscaleMap.uasset" 253
"../../../Engine/Content/EngineMaterials/BaseFlattenNormalMap.uasset" 254
"../../../Engine/Content/EngineMaterials/BaseFlattenMaterial.uasset" 255
"../../../Engine/Content/EngineMaterials/DefaultBloomKernel.uasset" 256
"../../../Engine/Content/EngineMaterials/DefaultBokeh.uasset" 257
"../../../Engine/Content/EngineMaterials/DefaultDiffuse.uasset" 258
"../../../Engine/Content/EngineMaterials/DefaultDeferredDecalMaterial.uasset" 259
"../../../Engine/Content/EngineMaterials/DefaultLightFunctionMaterial.uasset" 260
"../../../Engine/Content/EngineMaterials/DefaultPhysicalMaterial.uasset" 261
"../../../Engine/Content/Functions/Engine_MaterialFunctions02/Utility/BreakOutFloat2Components.uasset" 262
"../../../Engine/Content/EngineMaterials/DefaultPostProcessMaterial.uasset" 263
"../../../Engine/Content/EngineFonts/RobotoDistanceField.uasset" 264
"../../../Engine/Content/EngineMaterials/DefaultTextMaterialOpaque.uasset" 265
"../../../Engine/Content/EngineMaterials/DefaultWhiteGrid.uasset" 266
"../../../Engine/Content/EngineMaterials/EditorBrushMaterial.uasset" 267
"../../../Engine/Content/EngineMaterials/Good64x64TilingNoiseHighFreq.uasset" 268
"../../../Engine/Content/EngineMaterials/MiniFont.uasset" 269
"../../../Engine/Content/EngineMaterials/InvalidLightmapSettings.uasset" 270
"../../../Engine/Content/EngineMaterials/M_InvalidLightmapSettings.uasset" 271
"../../../Engine/Content/Functions/Engine_MaterialFunctions02/WorldPositionOffset/CameraOffset.uasset" 272
"../../../Engine/Content/EngineMaterials/PhAT_JointLimitMaterial.uasset" 273
"../../../Engine/Content/EngineMaterials/PreintegratedSkinBRDF.uasset" 274
"../../../Engine/Content/EngineMaterials/RemoveSurfaceMaterial.uasset" 275
"../../../Engine/Content/EngineMaterials/WeightMapPlaceholderTexture.uasset" 276
"../../../Engine/Content/EngineResources/WhiteSquareTexture.uasset" 277
"../../../Engine/Content/EngineMaterials/Widget3DPassThrough.uasset" 278
"../../../Engine/Content/EngineMaterials/Widget3DPassThrough_Masked.uasset" 279
"../../../Engine/Content/EngineMaterials/Widget3DPassThrough_Opaque.uasset" 280
"../../../Engine/Content/EngineMaterials/Widget3DPassThrough_Masked_OneSided.uasset" 281
"../../../Engine/Content/EngineMaterials/Widget3DPassThrough_Opaque_OneSided.uasset" 282
"../../../Engine/Content/EngineMaterials/Widget3DPassThrough_Translucent.uasset" 283
"../../../Engine/Content/EngineMaterials/Widget3DPassThrough_Translucent_OneSided.uasset" 284
"../../../Engine/Content/EngineMeshes/Cylinder.uasset" 285
"../../../Engine/Content/EngineMeshes/Sphere.uasset" 286
"../../../Engine/Content/EngineResources/Black.uasset" 287
"../../../Engine/Content/EngineResources/DefaultTexture.uasset" 288
"../../../Engine/Content/EngineResources/DefaultTextureCube.uasset" 289
"../../../Engine/Content/EngineResources/DefaultVolumeTexture2D.uasset" 290
"../../../Engine/Content/EngineResources/DefaultVolumeTexture.uasset" 291
"../../../Engine/Content/EngineResources/GradientTexture0.uasset" 292
"../../../Engine/Content/EngineSounds/Master.uasset" 293
"../../../Engine/Content/Functions/Engine_MaterialFunctions01/Shading/ConvertFromDiffSpec.uasset" 294
"../../../Engine/Content/Functions/Engine_MaterialFunctions01/Shading/PowerToRoughness.uasset" 295
"../../../Engine/Content/Maps/Templates/Thumbnails/Default.uasset" 296
"../../../Engine/Content/Maps/Templates/Thumbnails/VR-Basic.uasset" 297
"../../../Engine/Content/MobileResources/T_MobileControls_texture.uasset" 298
"../../../Engine/Content/MobileResources/T_MobileMenu2.uasset" 299
"../../../Engine/Content/MobileResources/HUD/AnalogHat.uasset" 300
"../../../Engine/Content/MobileResources/HUD/VirtualJoystick_Background.uasset" 301
"../../../Engine/Content/MobileResources/HUD/VirtualJoystick_Thumb.uasset" 302
"../../../Engine/Content/MobileResources/HUD/DefaultVirtualJoysticks.uasset" 303
"../../../Engine/Content/MobileResources/HUD/LeftVirtualJoystickOnly.uasset" 304
"../../../Engine/Content/MobileResources/HUD/MobileHUDButton1_off.uasset" 305
"../../../Engine/Content/MobileResources/HUD/MobileHUDButton1_on.uasset" 306
"../../../Engine/Content/MobileResources/HUD/MobileHUDButton2_off.uasset" 307
"../../../Engine/Content/MobileResources/HUD/MobileHUDButton2_on.uasset" 308
"../../../Engine/Content/MobileResources/HUD/MobileHUDButton3.uasset" 309
"../../../Engine/Content/MobileResources/HUD/MobileHUDButtonFire.uasset" 310
"../../../Engine/Content/MobileResources/HUD/MobileHUDDirectionPad.uasset" 311
"../../../Engine/Content/MobileResources/HUD/MobileHUDDirectionPad2.uasset" 312
"../../../Engine/Content/MobileResources/HUD/MobileHUDDirectionPad3.uasset" 313
"../../../Engine/Content/MobileResources/HUD/MobileHUDDirectionStick.uasset" 314
"../../../Engine/Content/MobileResources/HUD/T_Castle_ThumbstickInner.uasset" 315
"../../../Engine/Content/MobileResources/HUD/T_Castle_ThumbstickOutter.uasset" 316
"../../../Engine/Content/Tutorial/ContentIntroCurve.uasset" 317
"../../../Engine/Content/VREditor/LaserPointer/VR_LaserPower_01.uasset" 318
"../../../Engine/Content/VREditor/TransformGizmo/TransformGizmoMaterial.uasset" 319
"../../../Engine/Content/VREditor/TransformGizmo/TranslucentTransformGizmoMaterial.uasset" 320
"../../../Engine/Content/VREditor/TransformGizmo/BoundingBoxCorner.uasset" 321
"../../../Engine/Content/VREditor/TransformGizmo/BoundingBoxEdge.uasset" 322
"../../../Engine/Content/VREditor/TransformGizmo/PlaneTranslationHandle.uasset" 323
"../../../Engine/Content/VREditor/TransformGizmo/Main.uasset" 324
"../../../Engine/Content/VREditor/TransformGizmo/Xray.uasset" 325
"../../../Engine/Content/VREditor/TransformGizmo/SM_Sequencer_Key.uasset" 326
"../../../Engine/Content/VREditor/TransformGizmo/SM_Sequencer_Node.uasset" 327
"../../Plugins/2D/Paper2D/Content/PlaceholderTextures/DummySpriteTexture.uasset" 328
"../../Plugins/2D/Paper2D/Content/DummySprite.uasset" 329
"../../Plugins/2D/Paper2D/Content/DefaultPaperTerrainMaterial.uasset" 330
"../../Plugins/2D/Paper2D/Content/DefaultSpriteMaterial.uasset" 331
"../../Plugins/2D/Paper2D/Content/MaskedUnlitSpriteMaterial.uasset" 332
"../../Plugins/2D/Paper2D/Content/OpaqueUnlitSpriteMaterial.uasset" 333
"../../Plugins/Runtime/Oculus/OculusVR/Content/Materials/PokeAHoleMaterial.uasset" 334
"../../Plugins/Runtime/Oculus/OculusVR/Content/Textures/GearVRController_AO.uasset" 335
"../../Plugins/Runtime/Oculus/OculusVR/Content/Textures/GearVRController_Color.uasset" 336
"../../Plugins/Runtime/Oculus/OculusVR/Content/Textures/GearVRController_Normal.uasset" 337
"../../Plugins/Runtime/Oculus/OculusVR/Content/Materials/GearVRControllerMaterial.uasset" 338
"../../Plugins/Runtime/Oculus/OculusVR/Content/Meshes/GearVrController.uasset" 339
"../../Plugins/Runtime/Oculus/OculusVR/Content/Textures/touchController_albedo.uasset" 340
"../../Plugins/Runtime/Oculus/OculusVR/Content/Textures/touchController_controlmap.uasset" 341
"../../Plugins/Runtime/Oculus/OculusVR/Content/Materials/touchController_mat.uasset" 342
"../../Plugins/Runtime/Oculus/OculusVR/Content/Meshes/LeftTouchController.uasset" 343
"../../Plugins/Runtime/Oculus/OculusVR/Content/Meshes/RiftHMD.uasset" 344
"../../Plugins/Runtime/Oculus/OculusVR/Content/Meshes/RightTouchController.uasset" 345
"../../../Engine/Content/EngineSky/C_Sky_Cloud_Color.uasset" 346
"../../../Engine/Content/EngineSky/C_Sky_Horizon_Color.uasset" 347
"../../../Engine/Content/EngineSky/C_Sky_Zenith_Color.uasset" 348
"../../../Engine/Content/EngineSky/T_Sky_Blue.uasset" 349
"../../../Engine/Content/EngineSky/T_Sky_Clouds_M.uasset" 350
"../../../Engine/Content/EngineSky/T_Sky_Stars.uasset" 351
"../../../Engine/Content/EngineSky/M_Sky_Panning_Clouds2.uasset" 352
"../../../Engine/Content/EngineSky/SM_SkySphere.uasset" 353
"../../../Engine/Content/EngineSky/BP_Sky_Sphere.uasset" 354
"../../../../../../Users/ALE/Documents/GAME_2nd/GAME LEVEL DESIGN 2/PROJECT 2/ALE_P2_MILESTONE_1/Content/elevator/ELEVATOR_BOTON.uasset" 355
"../../../../../../Users/ALE/Documents/GAME_2nd/GAME LEVEL DESIGN 2/PROJECT 2/ALE_P2_MILESTONE_1/Content/elevator/ELEVATOR_BOTON_Mat.uasset" 356
"../../../../../../Users/ALE/Documents/GAME_2nd/GAME LEVEL DESIGN 2/PROJECT 2/ALE_P2_MILESTONE_1/Content/elevator/white_tile_elevator2.uasset" 357
"../../../../../../Users/ALE/Documents/GAME_2nd/GAME LEVEL DESIGN 2/PROJECT 2/ALE_P2_MILESTONE_1/Content/elevator/white_tile_elevator2_Mat.uasset" 358
"../../../../../../Users/ALE/Documents/GAME_2nd/GAME LEVEL DESIGN 2/PROJECT 2/ALE_P2_MILESTONE_1/Content/elevator/wood_up_elevator.uasset" 359
"../../../../../../Users/ALE/Documents/GAME_2nd/GAME LEVEL DESIGN 2/PROJECT 2/ALE_P2_MILESTONE_1/Content/elevator/wood_up_elevator_Mat.uasset" 360
"../../../../../../Users/ALE/Documents/GAME_2nd/GAME LEVEL DESIGN 2/PROJECT 2/ALE_P2_MILESTONE_1/Content/StarterContent/Textures/T_MacroVariation.uasset" 361
"../../../../../../Users/ALE/Documents/GAME_2nd/GAME LEVEL DESIGN 2/PROJECT 2/ALE_P2_MILESTONE_1/Content/StarterContent/Textures/T_Metal_Steel_D.uasset" 362
"../../../../../../Users/ALE/Documents/GAME_2nd/GAME LEVEL DESIGN 2/PROJECT 2/ALE_P2_MILESTONE_1/Content/StarterContent/Textures/T_Metal_Steel_N.uasset" 363
"../../../../../../Users/ALE/Documents/GAME_2nd/GAME LEVEL DESIGN 2/PROJECT 2/ALE_P2_MILESTONE_1/Content/StarterContent/Materials/M_Metal_Steel.uasset" 364
"../../../../../../Users/ALE/Documents/GAME_2nd/GAME LEVEL DESIGN 2/PROJECT 2/ALE_P2_MILESTONE_1/Content/StarterContent/Textures/T_Perlin_Noise_M.uasset" 365
"../../../../../../Users/ALE/Documents/GAME_2nd/GAME LEVEL DESIGN 2/PROJECT 2/ALE_P2_MILESTONE_1/Content/StarterContent/Textures/T_Water_N.uasset" 366
"../../../../../../Users/ALE/Documents/GAME_2nd/GAME LEVEL DESIGN 2/PROJECT 2/ALE_P2_MILESTONE_1/Content/StarterContent/Materials/M_Water_Lake.uasset" 367
"../../../Engine/Content/BasicShapes/Cube.uasset" 368
"../../../../../../Users/ALE/Documents/GAME_2nd/GAME LEVEL DESIGN 2/PROJECT 2/ALE_P2_MILESTONE_1/Content/elevator/AM152_063_Lugstar_Premium_LED_AM152_063_036.uasset" 369
"../../../../../../Users/ALE/Documents/GAME_2nd/GAME LEVEL DESIGN 2/PROJECT 2/ALE_P2_MILESTONE_1/Content/elevator/AM152_063_Lugstar_Premium_LED_AM152_063_037.uasset" 370
"../../../../../../Users/ALE/Documents/GAME_2nd/GAME LEVEL DESIGN 2/PROJECT 2/ALE_P2_MILESTONE_1/Content/elevator/AM152_063_blue.uasset" 371
"../../../../../../Users/ALE/Documents/GAME_2nd/GAME LEVEL DESIGN 2/PROJECT 2/ALE_P2_MILESTONE_1/Content/elevator/AM152_063_Lugstar_Premium_LED_AM152_063_038.uasset" 372
"../../../../../../Users/ALE/Documents/GAME_2nd/GAME LEVEL DESIGN 2/PROJECT 2/ALE_P2_MILESTONE_1/Content/elevator/AM152_063_Lugstar_Premium_LED_AM152_063_039.uasset" 373
"../../../../../../Users/ALE/Documents/GAME_2nd/GAME LEVEL DESIGN 2/PROJECT 2/ALE_P2_MILESTONE_1/Content/elevator/AM152_063_Lugstar_Premium_LED_AM152_063_040.uasset" 374
"../../../../../../Users/ALE/Documents/GAME_2nd/GAME LEVEL DESIGN 2/PROJECT 2/ALE_P2_MILESTONE_1/Content/elevator/BP_elevator_2.uasset" 375
"../../../../../../Users/ALE/Documents/GAME_2nd/GAME LEVEL DESIGN 2/PROJECT 2/ALE_P2_MILESTONE_1/Content/elevator/ELEVATOR_DOOR_LEFT.uasset" 376
"../../../../../../Users/ALE/Documents/GAME_2nd/GAME LEVEL DESIGN 2/PROJECT 2/ALE_P2_MILESTONE_1/Content/elevator/ELEVATOR_DOOR_LEFT_Mat.uasset" 377
"../../../../../../Users/ALE/Documents/GAME_2nd/GAME LEVEL DESIGN 2/PROJECT 2/ALE_P2_MILESTONE_1/Content/elevator/ELEVATOR_DOOR_RIGHT.uasset" 378
"../../../../../../Users/ALE/Documents/GAME_2nd/GAME LEVEL DESIGN 2/PROJECT 2/ALE_P2_MILESTONE_1/Content/elevator/ELEVATOR_DOOR_RIGHT_Mat.uasset" 379
"../../../../../../Users/ALE/Documents/GAME_2nd/GAME LEVEL DESIGN 2/PROJECT 2/ALE_P2_MILESTONE_1/Content/elevator/BP_elevator_3.uasset" 380
"../../../../../../Users/ALE/Documents/GAME_2nd/GAME LEVEL DESIGN 2/PROJECT 2/ALE_P2_MILESTONE_1/Content/elevator/AM152_063_Lugstar_Premium_LED_AM152_063_053.uasset" 381
"../../../../../../Users/ALE/Documents/GAME_2nd/GAME LEVEL DESIGN 2/PROJECT 2/ALE_P2_MILESTONE_1/Content/elevator/AM152_063_Lugstar_Premium_LED_AM152_063_054.uasset" 382
"../../../../../../Users/ALE/Documents/GAME_2nd/GAME LEVEL DESIGN 2/PROJECT 2/ALE_P2_MILESTONE_1/Content/elevator/AM152_063_Lugstar_Premium_LED_AM152_063_056.uasset" 383
"../../../../../../Users/ALE/Documents/GAME_2nd/GAME LEVEL DESIGN 2/PROJECT 2/ALE_P2_MILESTONE_1/Content/elevator/AM152_063_Lugstar_Premium_LED_AM152_063_057.uasset" 384
"../../../../../../Users/ALE/Documents/GAME_2nd/GAME LEVEL DESIGN 2/PROJECT 2/ALE_P2_MILESTONE_1/Content/elevator/AM152_063_Lugstar_Premium_LED_AM152_063_058.uasset" 385
"../../../../../../Users/ALE/Documents/GAME_2nd/GAME LEVEL DESIGN 2/PROJECT 2/ALE_P2_MILESTONE_1/Content/elevator/AM152_063_Lugstar_Premium_LED_AM152_063_059.uasset" 386
"../../../../../../Users/ALE/Documents/GAME_2nd/GAME LEVEL DESIGN 2/PROJECT 2/ALE_P2_MILESTONE_1/Content/elevator/BP_light.uasset" 387
"../../../../../../Users/ALE/Documents/GAME_2nd/GAME LEVEL DESIGN 2/PROJECT 2/ALE_P2_MILESTONE_1/Content/FirstPerson/Textures/FirstPersonCrosshair.uasset" 388
"../../../../../../Users/ALE/Documents/GAME_2nd/GAME LEVEL DESIGN 2/PROJECT 2/ALE_P2_MILESTONE_1/Content/FirstPersonBP/Blueprints/FirstPersonHUD.uasset" 389
"../../../../../../Users/ALE/Documents/GAME_2nd/GAME LEVEL DESIGN 2/PROJECT 2/ALE_P2_MILESTONE_1/Content/FirstPersonBP/Blueprints/FirstPersonGameMode.uasset" 390
"../../../../../../Users/ALE/Documents/GAME_2nd/GAME LEVEL DESIGN 2/PROJECT 2/ALE_P2_MILESTONE_1/Content/television/LCD.uasset" 391
"../../../../../../Users/ALE/Documents/GAME_2nd/GAME LEVEL DESIGN 2/PROJECT 2/ALE_P2_MILESTONE_1/Content/television/television_samsung_LCD_Screen.uasset" 392
"../../../../../../Users/ALE/Documents/GAME_2nd/GAME LEVEL DESIGN 2/PROJECT 2/ALE_P2_MILESTONE_1/Content/television/Glossy_Dark_Grey.uasset" 393
"../../../../../../Users/ALE/Documents/GAME_2nd/GAME LEVEL DESIGN 2/PROJECT 2/ALE_P2_MILESTONE_1/Content/television/television_samsung_Stand_Mount.uasset" 394
"../../../../../../Users/ALE/Documents/GAME_2nd/GAME LEVEL DESIGN 2/PROJECT 2/ALE_P2_MILESTONE_1/Content/television/television_samsung_TV_Backing.uasset" 395
"../../../../../../Users/ALE/Documents/GAME_2nd/GAME LEVEL DESIGN 2/PROJECT 2/ALE_P2_MILESTONE_1/Content/television/Frame.uasset" 396
"../../../../../../Users/ALE/Documents/GAME_2nd/GAME LEVEL DESIGN 2/PROJECT 2/ALE_P2_MILESTONE_1/Content/television/television_samsung_TV_Bezel.uasset" 397
"../../../../../../Users/ALE/Documents/GAME_2nd/GAME LEVEL DESIGN 2/PROJECT 2/ALE_P2_MILESTONE_1/Content/television/BP_TELEVISION.uasset" 398
"../../../../../../Users/ALE/Documents/GAME_2nd/GAME LEVEL DESIGN 2/PROJECT 2/ALE_P2_MILESTONE_1/Content/FirstPersonBP/Maps/FirstPersonExampleMap_BuiltData.uasset" 399
"../../../../../../Users/ALE/Documents/GAME_2nd/GAME LEVEL DESIGN 2/PROJECT 2/ALE_P2_MILESTONE_1/Content/door/men.uasset" 400
"../../../../../../Users/ALE/Documents/GAME_2nd/GAME LEVEL DESIGN 2/PROJECT 2/ALE_P2_MILESTONE_1/Content/door/men_Mat.uasset" 401
"../../../../../../Users/ALE/Documents/GAME_2nd/GAME LEVEL DESIGN 2/PROJECT 2/ALE_P2_MILESTONE_1/Content/door/women.uasset" 402
"../../../../../../Users/ALE/Documents/GAME_2nd/GAME LEVEL DESIGN 2/PROJECT 2/ALE_P2_MILESTONE_1/Content/door/women_Mat.uasset" 403
"../../../../../../Users/ALE/Documents/GAME_2nd/GAME LEVEL DESIGN 2/PROJECT 2/ALE_P2_MILESTONE_1/Content/StarterContent/Textures/T_CobbleStone_Pebble_D.uasset" 404
"../../../../../../Users/ALE/Documents/GAME_2nd/GAME LEVEL DESIGN 2/PROJECT 2/ALE_P2_MILESTONE_1/Content/StarterContent/Textures/T_CobbleStone_Pebble_M.uasset" 405
"../../../../../../Users/ALE/Documents/GAME_2nd/GAME LEVEL DESIGN 2/PROJECT 2/ALE_P2_MILESTONE_1/Content/StarterContent/Textures/T_CobbleStone_Pebble_N.uasset" 406
"../../../../../../Users/ALE/Documents/GAME_2nd/GAME LEVEL DESIGN 2/PROJECT 2/ALE_P2_MILESTONE_1/Content/StarterContent/Materials/M_CobbleStone_Pebble.uasset" 407
"../../../../../../Users/ALE/Documents/GAME_2nd/GAME LEVEL DESIGN 2/PROJECT 2/ALE_P2_MILESTONE_1/Content/StarterContent/Materials/M_Metal_Chrome.uasset" 408
"../../../../../../Users/ALE/Documents/GAME_2nd/GAME LEVEL DESIGN 2/PROJECT 2/ALE_P2_MILESTONE_1/Content/StarterContent/Textures/T_Metal_Copper_D.uasset" 409
"../../../../../../Users/ALE/Documents/GAME_2nd/GAME LEVEL DESIGN 2/PROJECT 2/ALE_P2_MILESTONE_1/Content/StarterContent/Textures/T_Metal_Gold_N.uasset" 410
"../../../../../../Users/ALE/Documents/GAME_2nd/GAME LEVEL DESIGN 2/PROJECT 2/ALE_P2_MILESTONE_1/Content/StarterContent/Materials/M_Metal_Copper.uasset" 411
"../../../../../../Users/ALE/Documents/GAME_2nd/GAME LEVEL DESIGN 2/PROJECT 2/ALE_P2_MILESTONE_1/Content/StarterContent/Textures/T_Wood_Floor_Walnut_D.uasset" 412
"../../../../../../Users/ALE/Documents/GAME_2nd/GAME LEVEL DESIGN 2/PROJECT 2/ALE_P2_MILESTONE_1/Content/StarterContent/Textures/T_Wood_Floor_Walnut_M.uasset" 413
"../../../../../../Users/ALE/Documents/GAME_2nd/GAME LEVEL DESIGN 2/PROJECT 2/ALE_P2_MILESTONE_1/Content/StarterContent/Textures/T_Wood_Floor_Walnut_N.uasset" 414
"../../../../../../Users/ALE/Documents/GAME_2nd/GAME LEVEL DESIGN 2/PROJECT 2/ALE_P2_MILESTONE_1/Content/StarterContent/Materials/M_Wood_Floor_Walnut_Polished.uasset" 415
"../../../../../../Users/ALE/Documents/GAME_2nd/GAME LEVEL DESIGN 2/PROJECT 2/ALE_P2_MILESTONE_1/Content/textures/BAR_00.uasset" 416
"../../../../../../Users/ALE/Documents/GAME_2nd/GAME LEVEL DESIGN 2/PROJECT 2/ALE_P2_MILESTONE_1/Content/textures/BAR_00_Mat.uasset" 417
"../../../../../../Users/ALE/Documents/GAME_2nd/GAME LEVEL DESIGN 2/PROJECT 2/ALE_P2_MILESTONE_1/Content/textures/HALLWAY.uasset" 418
"../../../../../../Users/ALE/Documents/GAME_2nd/GAME LEVEL DESIGN 2/PROJECT 2/ALE_P2_MILESTONE_1/Content/textures/HALLWAY_Mat.uasset" 419
"../../../../../../Users/ALE/Documents/GAME_2nd/GAME LEVEL DESIGN 2/PROJECT 2/ALE_P2_MILESTONE_1/Content/textures/R10921_image1.uasset" 420
"../../../../../../Users/ALE/Documents/GAME_2nd/GAME LEVEL DESIGN 2/PROJECT 2/ALE_P2_MILESTONE_1/Content/textures/R10921_image1_Mat.uasset" 421
"../../../../../../Users/ALE/Documents/GAME_2nd/GAME LEVEL DESIGN 2/PROJECT 2/ALE_P2_MILESTONE_1/Content/door/woodteak.uasset" 422
"../../../../../../Users/ALE/Documents/GAME_2nd/GAME LEVEL DESIGN 2/PROJECT 2/ALE_P2_MILESTONE_1/Content/door/wood.uasset" 423
"../../../../../../Users/ALE/Documents/GAME_2nd/GAME LEVEL DESIGN 2/PROJECT 2/ALE_P2_MILESTONE_1/Content/door/door1_aldoor.uasset" 424
"../../../../../../Users/ALE/Documents/GAME_2nd/GAME LEVEL DESIGN 2/PROJECT 2/ALE_P2_MILESTONE_1/Content/door/glas.uasset" 425
"../../../../../../Users/ALE/Documents/GAME_2nd/GAME LEVEL DESIGN 2/PROJECT 2/ALE_P2_MILESTONE_1/Content/door/wood_ncl1_1.uasset" 426
"../../../../../../Users/ALE/Documents/GAME_2nd/GAME LEVEL DESIGN 2/PROJECT 2/ALE_P2_MILESTONE_1/Content/door/door1_door.uasset" 427
"../../../../../../Users/ALE/Documents/GAME_2nd/GAME LEVEL DESIGN 2/PROJECT 2/ALE_P2_MILESTONE_1/Content/door/hendle.uasset" 428
"../../../../../../Users/ALE/Documents/GAME_2nd/GAME LEVEL DESIGN 2/PROJECT 2/ALE_P2_MILESTONE_1/Content/door/door1_doorhendle.uasset" 429
"../../../../../../Users/ALE/Documents/GAME_2nd/GAME LEVEL DESIGN 2/PROJECT 2/ALE_P2_MILESTONE_1/Content/elevator/AM152_063_Lugstar_Premium_LED_AM152_063_042.uasset" 430
"../../../../../../Users/ALE/Documents/GAME_2nd/GAME LEVEL DESIGN 2/PROJECT 2/ALE_P2_MILESTONE_1/Content/lounge/03_-_Default.uasset" 431
"../../../../../../Users/ALE/Documents/GAME_2nd/GAME LEVEL DESIGN 2/PROJECT 2/ALE_P2_MILESTONE_1/Content/lounge/08_-_Default.uasset" 432
"../../../../../../Users/ALE/Documents/GAME_2nd/GAME LEVEL DESIGN 2/PROJECT 2/ALE_P2_MILESTONE_1/Content/lounge/Material__183_Slot__5.uasset" 433
"../../../../../../Users/ALE/Documents/GAME_2nd/GAME LEVEL DESIGN 2/PROJECT 2/ALE_P2_MILESTONE_1/Content/lounge/Material__183_Slot__6.uasset" 434
"../../../../../../Users/ALE/Documents/GAME_2nd/GAME LEVEL DESIGN 2/PROJECT 2/ALE_P2_MILESTONE_1/Content/lounge/Material__183_Slot__8.uasset" 435
"../../../../../../Users/ALE/Documents/GAME_2nd/GAME LEVEL DESIGN 2/PROJECT 2/ALE_P2_MILESTONE_1/Content/lounge/Material__195_Slot__4.uasset" 436
"../../../../../../Users/ALE/Documents/GAME_2nd/GAME LEVEL DESIGN 2/PROJECT 2/ALE_P2_MILESTONE_1/Content/lounge/Material__195_Slot__5.uasset" 437
"../../../../../../Users/ALE/Documents/GAME_2nd/GAME LEVEL DESIGN 2/PROJECT 2/ALE_P2_MILESTONE_1/Content/lounge/Material__195_Slot__6.uasset" 438
"../../../../../../Users/ALE/Documents/GAME_2nd/GAME LEVEL DESIGN 2/PROJECT 2/ALE_P2_MILESTONE_1/Content/lounge/Material__232_Slot__7.uasset" 439
"../../../../../../Users/ALE/Documents/GAME_2nd/GAME LEVEL DESIGN 2/PROJECT 2/ALE_P2_MILESTONE_1/Content/lounge/Material__244_Slot__7.uasset" 440
"../../../../../../Users/ALE/Documents/GAME_2nd/GAME LEVEL DESIGN 2/PROJECT 2/ALE_P2_MILESTONE_1/Content/lounge/Material__268_Slot__7.uasset" 441
"../../../../../../Users/ALE/Documents/GAME_2nd/GAME LEVEL DESIGN 2/PROJECT 2/ALE_P2_MILESTONE_1/Content/lounge/Material__280_Slot__7.uasset" 442
"../../../../../../Users/ALE/Documents/GAME_2nd/GAME LEVEL DESIGN 2/PROJECT 2/ALE_P2_MILESTONE_1/Content/lounge/Material__292_Slot__4.uasset" 443
"../../../../../../Users/ALE/Documents/GAME_2nd/GAME LEVEL DESIGN 2/PROJECT 2/ALE_P2_MILESTONE_1/Content/lounge/Material__3.uasset" 444
"../../../../../../Users/ALE/Documents/GAME_2nd/GAME LEVEL DESIGN 2/PROJECT 2/ALE_P2_MILESTONE_1/Content/lounge/Material__304_Slot__7.uasset" 445
"../../../../../../Users/ALE/Documents/GAME_2nd/GAME LEVEL DESIGN 2/PROJECT 2/ALE_P2_MILESTONE_1/Content/lounge/Material__316_Slot__7.uasset" 446
"../../../../../../Users/ALE/Documents/GAME_2nd/GAME LEVEL DESIGN 2/PROJECT 2/ALE_P2_MILESTONE_1/Content/lounge/Material__328_Slot__7.uasset" 447
"../../../../../../Users/ALE/Documents/GAME_2nd/GAME LEVEL DESIGN 2/PROJECT 2/ALE_P2_MILESTONE_1/Content/lounge/Material__328_Slot__8.uasset" 448
"../../../../../../Users/ALE/Documents/GAME_2nd/GAME LEVEL DESIGN 2/PROJECT 2/ALE_P2_MILESTONE_1/Content/lounge/Material__339_Slot__7.uasset" 449
"../../../../../../Users/ALE/Documents/GAME_2nd/GAME LEVEL DESIGN 2/PROJECT 2/ALE_P2_MILESTONE_1/Content/lounge/Material__339_Slot__8.uasset" 450
"../../../../../../Users/ALE/Documents/GAME_2nd/GAME LEVEL DESIGN 2/PROJECT 2/ALE_P2_MILESTONE_1/Content/lounge/Material__4.uasset" 451
"../../../../../../Users/ALE/Documents/GAME_2nd/GAME LEVEL DESIGN 2/PROJECT 2/ALE_P2_MILESTONE_1/Content/lounge/Material__5.uasset" 452
"../../../../../../Users/ALE/Documents/GAME_2nd/GAME LEVEL DESIGN 2/PROJECT 2/ALE_P2_MILESTONE_1/Content/lounge/lounge_Box02_PhysicsAsset.uasset" 453
"../../../../../../Users/ALE/Documents/GAME_2nd/GAME LEVEL DESIGN 2/PROJECT 2/ALE_P2_MILESTONE_1/Content/lounge/lounge_Box02_Skeleton.uasset" 454
"../../../../../../Users/ALE/Documents/GAME_2nd/GAME LEVEL DESIGN 2/PROJECT 2/ALE_P2_MILESTONE_1/Content/lounge/lounge_Box03_PhysicsAsset.uasset" 455
"../../../../../../Users/ALE/Documents/GAME_2nd/GAME LEVEL DESIGN 2/PROJECT 2/ALE_P2_MILESTONE_1/Content/lounge/lounge_Box03_Skeleton.uasset" 456
"../../../../../../Users/ALE/Documents/GAME_2nd/GAME LEVEL DESIGN 2/PROJECT 2/ALE_P2_MILESTONE_1/Content/lounge/lounge_Box04_PhysicsAsset.uasset" 457
"../../../../../../Users/ALE/Documents/GAME_2nd/GAME LEVEL DESIGN 2/PROJECT 2/ALE_P2_MILESTONE_1/Content/lounge/lounge_Box04_Skeleton.uasset" 458
"../../../../../../Users/ALE/Documents/GAME_2nd/GAME LEVEL DESIGN 2/PROJECT 2/ALE_P2_MILESTONE_1/Content/lounge/lounge_Box05_PhysicsAsset.uasset" 459
"../../../../../../Users/ALE/Documents/GAME_2nd/GAME LEVEL DESIGN 2/PROJECT 2/ALE_P2_MILESTONE_1/Content/lounge/lounge_Box05_Skeleton.uasset" 460
"../../../../../../Users/ALE/Documents/GAME_2nd/GAME LEVEL DESIGN 2/PROJECT 2/ALE_P2_MILESTONE_1/Content/lounge/lounge_Box06_PhysicsAsset.uasset" 461
"../../../../../../Users/ALE/Documents/GAME_2nd/GAME LEVEL DESIGN 2/PROJECT 2/ALE_P2_MILESTONE_1/Content/lounge/lounge_Box06_Skeleton.uasset" 462
"../../../../../../Users/ALE/Documents/GAME_2nd/GAME LEVEL DESIGN 2/PROJECT 2/ALE_P2_MILESTONE_1/Content/lounge/lounge_Box07_PhysicsAsset.uasset" 463
"../../../../../../Users/ALE/Documents/GAME_2nd/GAME LEVEL DESIGN 2/PROJECT 2/ALE_P2_MILESTONE_1/Content/lounge/lounge_Box07_Skeleton.uasset" 464
"../../../../../../Users/ALE/Documents/GAME_2nd/GAME LEVEL DESIGN 2/PROJECT 2/ALE_P2_MILESTONE_1/Content/lounge/lounge_Box08_PhysicsAsset.uasset" 465
"../../../../../../Users/ALE/Documents/GAME_2nd/GAME LEVEL DESIGN 2/PROJECT 2/ALE_P2_MILESTONE_1/Content/lounge/lounge_Box08_Skeleton.uasset" 466
"../../../../../../Users/ALE/Documents/GAME_2nd/GAME LEVEL DESIGN 2/PROJECT 2/ALE_P2_MILESTONE_1/Content/lounge/lounge_Box09_PhysicsAsset.uasset" 467
"../../../../../../Users/ALE/Documents/GAME_2nd/GAME LEVEL DESIGN 2/PROJECT 2/ALE_P2_MILESTONE_1/Content/lounge/lounge_Box09_Skeleton.uasset" 468
"../../../../../../Users/ALE/Documents/GAME_2nd/GAME LEVEL DESIGN 2/PROJECT 2/ALE_P2_MILESTONE_1/Content/lounge/lounge_Cylinder01_PhysicsAsset.uasset" 469
"../../../../../../Users/ALE/Documents/GAME_2nd/GAME LEVEL DESIGN 2/PROJECT 2/ALE_P2_MILESTONE_1/Content/lounge/lounge_Cylinder01_Skeleton.uasset" 470
"../../../../../../Users/ALE/Documents/GAME_2nd/GAME LEVEL DESIGN 2/PROJECT 2/ALE_P2_MILESTONE_1/Content/lounge/lounge_Line03_PhysicsAsset.uasset" 471
"../../../../../../Users/ALE/Documents/GAME_2nd/GAME LEVEL DESIGN 2/PROJECT 2/ALE_P2_MILESTONE_1/Content/lounge/lounge_Line03_Skeleton.uasset" 472
"../../../../../../Users/ALE/Documents/GAME_2nd/GAME LEVEL DESIGN 2/PROJECT 2/ALE_P2_MILESTONE_1/Content/lounge/lounge_Line04_PhysicsAsset.uasset" 473
"../../../../../../Users/ALE/Documents/GAME_2nd/GAME LEVEL DESIGN 2/PROJECT 2/ALE_P2_MILESTONE_1/Content/lounge/lounge_Line04_Skeleton.uasset" 474
"../../../../../../Users/ALE/Documents/GAME_2nd/GAME LEVEL DESIGN 2/PROJECT 2/ALE_P2_MILESTONE_1/Content/lounge/lounge_Object01_PhysicsAsset.uasset" 475
"../../../../../../Users/ALE/Documents/GAME_2nd/GAME LEVEL DESIGN 2/PROJECT 2/ALE_P2_MILESTONE_1/Content/lounge/lounge_Object01_Skeleton.uasset" 476
"../../../../../../Users/ALE/Documents/GAME_2nd/GAME LEVEL DESIGN 2/PROJECT 2/ALE_P2_MILESTONE_1/Content/lounge/lounge_Plane01_PhysicsAsset.uasset" 477
"../../../../../../Users/ALE/Documents/GAME_2nd/GAME LEVEL DESIGN 2/PROJECT 2/ALE_P2_MILESTONE_1/Content/lounge/lounge_Plane01_Skeleton.uasset" 478
"../../../../../../Users/ALE/Documents/GAME_2nd/GAME LEVEL DESIGN 2/PROJECT 2/ALE_P2_MILESTONE_1/Content/lounge/lounge.uasset" 479
"../../../../../../Users/ALE/Documents/GAME_2nd/GAME LEVEL DESIGN 2/PROJECT 2/ALE_P2_MILESTONE_1/Content/table/Material__71.uasset" 480
"../../../../../../Users/ALE/Documents/GAME_2nd/GAME LEVEL DESIGN 2/PROJECT 2/ALE_P2_MILESTONE_1/Content/table/Material__72.uasset" 481
"../../../../../../Users/ALE/Documents/GAME_2nd/GAME LEVEL DESIGN 2/PROJECT 2/ALE_P2_MILESTONE_1/Content/table/TABLE_00_PhysicsAsset.uasset" 482
"../../../../../../Users/ALE/Documents/GAME_2nd/GAME LEVEL DESIGN 2/PROJECT 2/ALE_P2_MILESTONE_1/Content/table/TABLE_00_Skeleton.uasset" 483
"../../../../../../Users/ALE/Documents/GAME_2nd/GAME LEVEL DESIGN 2/PROJECT 2/ALE_P2_MILESTONE_1/Content/table/TABLE_00.uasset" 484
"../../../../../../Users/ALE/Documents/GAME_2nd/GAME LEVEL DESIGN 2/PROJECT 2/ALE_P2_MILESTONE_1/Content/FirstPersonBP/Maps/FirstPersonExampleMap.umap" 485
"../../../../../../Users/ALE/Documents/GAME_2nd/GAME LEVEL DESIGN 2/PROJECT 2/ALE_P2_MILESTONE_1/Content/StarterContent/Blueprints/Assets/FogBrightnessLUT.uasset" 486
"../../../../../../Users/ALE/Documents/GAME_2nd/GAME LEVEL DESIGN 2/PROJECT 2/ALE_P2_MILESTONE_1/Content/StarterContent/Blueprints/Assets/SunlightColorLUT.uasset" 487
"../../../../../../Users/ALE/Documents/GAME_2nd/GAME LEVEL DESIGN 2/PROJECT 2/ALE_P2_MILESTONE_1/Content/StarterContent/Blueprints/Assets/M_LightStage_Arrows.uasset" 488
"../../../Engine/Content/MapTemplates/Sky/DaylightAmbientCubemap.uasset" 489
"../../../../../../Users/ALE/Documents/GAME_2nd/GAME LEVEL DESIGN 2/PROJECT 2/ALE_P2_MILESTONE_1/Content/StarterContent/Blueprints/Assets/M_LightStage_Skybox_Master.uasset" 490
"../../../../../../Users/ALE/Documents/GAME_2nd/GAME LEVEL DESIGN 2/PROJECT 2/ALE_P2_MILESTONE_1/Content/StarterContent/Blueprints/Assets/M_LightStage_Skybox_Black.uasset" 491
"../../../../../../Users/ALE/Documents/GAME_2nd/GAME LEVEL DESIGN 2/PROJECT 2/ALE_P2_MILESTONE_1/Content/StarterContent/Blueprints/Assets/M_LightStage_Skybox_HDRI.uasset" 492
"../../../Engine/Content/EditorMaterials/Thumbnails/SkySphereMaterial.uasset" 493
"../../../../../../Users/ALE/Documents/GAME_2nd/GAME LEVEL DESIGN 2/PROJECT 2/ALE_P2_MILESTONE_1/Content/StarterContent/Blueprints/Assets/Skybox.uasset" 494
"../../../../../../Users/ALE/Documents/GAME_2nd/GAME LEVEL DESIGN 2/PROJECT 2/ALE_P2_MILESTONE_1/Content/StarterContent/Blueprints/Assets/SM_Arrows.uasset" 495
"../../../../../../Users/ALE/Documents/GAME_2nd/GAME LEVEL DESIGN 2/PROJECT 2/ALE_P2_MILESTONE_1/Content/StarterContent/HDRI/HDRI_Epic_Courtyard_Daylight.uasset" 496
"../../../../../../Users/ALE/Documents/GAME_2nd/GAME LEVEL DESIGN 2/PROJECT 2/ALE_P2_MILESTONE_1/Content/StarterContent/Blueprints/BP_LightStudio.uasset" 497
"../../../../../../Users/ALE/Documents/GAME_2nd/GAME LEVEL DESIGN 2/PROJECT 2/ALE_P2_MILESTONE_1/Content/StarterContent/Maps/Advanced_Lighting_BuiltData.uasset" 498
"../../../../../../Users/ALE/Documents/GAME_2nd/GAME LEVEL DESIGN 2/PROJECT 2/ALE_P2_MILESTONE_1/Content/StarterContent/Materials/M_AssetPlatform.uasset" 499
"../../../Engine/Content/EditorMeshes/ColorCalibrator/M_ChromeBall.uasset" 500
"../../../Engine/Content/EditorMeshes/ColorCalibrator/M_ClearCoat.uasset" 501
"../../../Engine/Content/EditorMeshes/ColorCalibrator/M_ClearCoatBlack.uasset" 502
"../../../Engine/Content/EditorMeshes/ColorCalibrator/Color_checker.uasset" 503
"../../../Engine/Content/EditorMeshes/ColorCalibrator/M_ColorGrid.uasset" 504
"../../../Engine/Content/EditorMeshes/ColorCalibrator/M_GreyBall.uasset" 505
"../../../Engine/Content/EditorMeshes/ColorCalibrator/SM_ColorCalibrator.uasset" 506
"../../../../../../Users/ALE/Documents/GAME_2nd/GAME LEVEL DESIGN 2/PROJECT 2/ALE_P2_MILESTONE_1/Content/StarterContent/Architecture/SM_AssetPlatform.uasset" 507
"../../../../../../Users/ALE/Documents/GAME_2nd/GAME LEVEL DESIGN 2/PROJECT 2/ALE_P2_MILESTONE_1/Content/StarterContent/Maps/Advanced_Lighting.umap" 508
"../../../../../../Users/ALE/Documents/GAME_2nd/GAME LEVEL DESIGN 2/PROJECT 2/ALE_P2_MILESTONE_1/Content/StarterContent/Maps/Minimal_Default_BuiltData.uasset" 509
"../../../../../../Users/ALE/Documents/GAME_2nd/GAME LEVEL DESIGN 2/PROJECT 2/ALE_P2_MILESTONE_1/Content/StarterContent/Materials/M_Metal_Brushed_Nickel.uasset" 510
"../../../../../../Users/ALE/Documents/GAME_2nd/GAME LEVEL DESIGN 2/PROJECT 2/ALE_P2_MILESTONE_1/Content/StarterContent/Textures/T_Metal_Aluminum_D.uasset" 511
"../../../../../../Users/ALE/Documents/GAME_2nd/GAME LEVEL DESIGN 2/PROJECT 2/ALE_P2_MILESTONE_1/Content/StarterContent/Materials/M_Metal_Burnished_Steel.uasset" 512
"../../../../../../Users/ALE/Documents/GAME_2nd/GAME LEVEL DESIGN 2/PROJECT 2/ALE_P2_MILESTONE_1/Content/StarterContent/Textures/T_Statue_M.uasset" 513
"../../../../../../Users/ALE/Documents/GAME_2nd/GAME LEVEL DESIGN 2/PROJECT 2/ALE_P2_MILESTONE_1/Content/StarterContent/Textures/T_Statue_N.uasset" 514
"../../../../../../Users/ALE/Documents/GAME_2nd/GAME LEVEL DESIGN 2/PROJECT 2/ALE_P2_MILESTONE_1/Content/StarterContent/Props/Materials/M_StatueGlass.uasset" 515
"../../../../../../Users/ALE/Documents/GAME_2nd/GAME LEVEL DESIGN 2/PROJECT 2/ALE_P2_MILESTONE_1/Content/StarterContent/Architecture/Floor_400x400.uasset" 516
"../../../../../../Users/ALE/Documents/GAME_2nd/GAME LEVEL DESIGN 2/PROJECT 2/ALE_P2_MILESTONE_1/Content/StarterContent/Audio/Starter_Background_Cue.uasset" 517
"../../../../../../Users/ALE/Documents/GAME_2nd/GAME LEVEL DESIGN 2/PROJECT 2/ALE_P2_MILESTONE_1/Content/StarterContent/Props/SM_Chair.uasset" 518
"../../../../../../Users/ALE/Documents/GAME_2nd/GAME LEVEL DESIGN 2/PROJECT 2/ALE_P2_MILESTONE_1/Content/StarterContent/Props/Materials/M_Statue.uasset" 519
"../../../../../../Users/ALE/Documents/GAME_2nd/GAME LEVEL DESIGN 2/PROJECT 2/ALE_P2_MILESTONE_1/Content/StarterContent/Props/SM_Statue.uasset" 520
"../../../../../../Users/ALE/Documents/GAME_2nd/GAME LEVEL DESIGN 2/PROJECT 2/ALE_P2_MILESTONE_1/Content/StarterContent/Textures/T_TableRound_M.uasset" 521
"../../../../../../Users/ALE/Documents/GAME_2nd/GAME LEVEL DESIGN 2/PROJECT 2/ALE_P2_MILESTONE_1/Content/StarterContent/Textures/T_TableRound_N.uasset" 522
"../../../../../../Users/ALE/Documents/GAME_2nd/GAME LEVEL DESIGN 2/PROJECT 2/ALE_P2_MILESTONE_1/Content/StarterContent/Props/Materials/M_TableRound.uasset" 523
"../../../../../../Users/ALE/Documents/GAME_2nd/GAME LEVEL DESIGN 2/PROJECT 2/ALE_P2_MILESTONE_1/Content/StarterContent/Props/SM_TableRound.uasset" 524
"../../../../../../Users/ALE/Documents/GAME_2nd/GAME LEVEL DESIGN 2/PROJECT 2/ALE_P2_MILESTONE_1/Content/StarterContent/Maps/Minimal_Default.umap" 525
"../../../../../../Users/ALE/Documents/GAME_2nd/GAME LEVEL DESIGN 2/PROJECT 2/ALE_P2_MILESTONE_1/Content/StarterContent/Audio/Fire01_Cue.uasset" 526
"../../../../../../Users/ALE/Documents/GAME_2nd/GAME LEVEL DESIGN 2/PROJECT 2/ALE_P2_MILESTONE_1/Content/StarterContent/Textures/T_Fire_SubUV.uasset" 527
"../../../../../../Users/ALE/Documents/GAME_2nd/GAME LEVEL DESIGN 2/PROJECT 2/ALE_P2_MILESTONE_1/Content/StarterContent/Textures/T_Fire_Tiled_D.uasset" 528
"../../../../../../Users/ALE/Documents/GAME_2nd/GAME LEVEL DESIGN 2/PROJECT 2/ALE_P2_MILESTONE_1/Content/StarterContent/Particles/Materials/M_Fire_SubUV.uasset" 529
"../../../../../../Users/ALE/Documents/GAME_2nd/GAME LEVEL DESIGN 2/PROJECT 2/ALE_P2_MILESTONE_1/Content/StarterContent/Particles/Materials/M_Heat_Distortion.uasset" 530
"../../../../../../Users/ALE/Documents/GAME_2nd/GAME LEVEL DESIGN 2/PROJECT 2/ALE_P2_MILESTONE_1/Content/StarterContent/Particles/Materials/M_Radial_Gradient.uasset" 531
"../../../../../../Users/ALE/Documents/GAME_2nd/GAME LEVEL DESIGN 2/PROJECT 2/ALE_P2_MILESTONE_1/Content/StarterContent/Particles/P_Fire.uasset" 532
"../../../../../../Users/ALE/Documents/GAME_2nd/GAME LEVEL DESIGN 2/PROJECT 2/ALE_P2_MILESTONE_1/Content/StarterContent/Blueprints/Blueprint_Effect_Fire.uasset" 533
"../../../../../../Users/ALE/Documents/GAME_2nd/GAME LEVEL DESIGN 2/PROJECT 2/ALE_P2_MILESTONE_1/Content/StarterContent/Audio/Smoke01_Cue.uasset" 534
"../../../../../../Users/ALE/Documents/GAME_2nd/GAME LEVEL DESIGN 2/PROJECT 2/ALE_P2_MILESTONE_1/Content/StarterContent/Particles/P_Smoke.uasset" 535
"../../../../../../Users/ALE/Documents/GAME_2nd/GAME LEVEL DESIGN 2/PROJECT 2/ALE_P2_MILESTONE_1/Content/StarterContent/Blueprints/Blueprint_Effect_Smoke.uasset" 536
"../../../../../../Users/ALE/Documents/GAME_2nd/GAME LEVEL DESIGN 2/PROJECT 2/ALE_P2_MILESTONE_1/Content/StarterContent/Audio/Fire_Sparks01_Cue.uasset" 537
"../../../../../../Users/ALE/Documents/GAME_2nd/GAME LEVEL DESIGN 2/PROJECT 2/ALE_P2_MILESTONE_1/Content/StarterContent/Textures/T_Spark_Core.uasset" 538
"../../../../../../Users/ALE/Documents/GAME_2nd/GAME LEVEL DESIGN 2/PROJECT 2/ALE_P2_MILESTONE_1/Content/StarterContent/Particles/Materials/M_Spark.uasset" 539
"../../../../../../Users/ALE/Documents/GAME_2nd/GAME LEVEL DESIGN 2/PROJECT 2/ALE_P2_MILESTONE_1/Content/StarterContent/Particles/P_Sparks.uasset" 540
"../../../../../../Users/ALE/Documents/GAME_2nd/GAME LEVEL DESIGN 2/PROJECT 2/ALE_P2_MILESTONE_1/Content/StarterContent/Blueprints/Blueprint_Effect_Sparks.uasset" 541
"../../../../../../Users/ALE/Documents/GAME_2nd/GAME LEVEL DESIGN 2/PROJECT 2/ALE_P2_MILESTONE_1/Content/StarterContent/Audio/Steam01_Cue.uasset" 542
"../../../../../../Users/ALE/Documents/GAME_2nd/GAME LEVEL DESIGN 2/PROJECT 2/ALE_P2_MILESTONE_1/Content/StarterContent/Particles/P_Steam_Lit.uasset" 543
"../../../../../../Users/ALE/Documents/GAME_2nd/GAME LEVEL DESIGN 2/PROJECT 2/ALE_P2_MILESTONE_1/Content/StarterContent/Blueprints/Blueprint_Effect_Steam.uasset" 544
"../../../../../../Users/ALE/Documents/GAME_2nd/GAME LEVEL DESIGN 2/PROJECT 2/ALE_P2_MILESTONE_1/Content/StarterContent/Textures/T_Lamp_M.uasset" 545
"../../../../../../Users/ALE/Documents/GAME_2nd/GAME LEVEL DESIGN 2/PROJECT 2/ALE_P2_MILESTONE_1/Content/StarterContent/Textures/T_Lamp_N.uasset" 546
"../../../../../../Users/ALE/Documents/GAME_2nd/GAME LEVEL DESIGN 2/PROJECT 2/ALE_P2_MILESTONE_1/Content/StarterContent/Props/Materials/M_Lamp.uasset" 547
"../../../../../../Users/ALE/Documents/GAME_2nd/GAME LEVEL DESIGN 2/PROJECT 2/ALE_P2_MILESTONE_1/Content/StarterContent/Props/SM_Lamp_Ceiling.uasset" 548
"../../../../../../Users/ALE/Documents/GAME_2nd/GAME LEVEL DESIGN 2/PROJECT 2/ALE_P2_MILESTONE_1/Content/StarterContent/Blueprints/Blueprint_CeilingLight.uasset" 549
"../../../../../../Users/ALE/Documents/GAME_2nd/GAME LEVEL DESIGN 2/PROJECT 2/ALE_P2_MILESTONE_1/Content/StarterContent/Props/SM_Lamp_Wall.uasset" 550
"../../../../../../Users/ALE/Documents/GAME_2nd/GAME LEVEL DESIGN 2/PROJECT 2/ALE_P2_MILESTONE_1/Content/StarterContent/Blueprints/Blueprint_WallSconce.uasset" 551
"../../../../../../Users/ALE/Documents/GAME_2nd/GAME LEVEL DESIGN 2/PROJECT 2/ALE_P2_MILESTONE_1/Content/StarterContent/Maps/StarterMap_BuiltData.uasset" 552
"../../../Engine/Content/Functions/Engine_MaterialFunctions03/Procedurals/ComputeFilterWidth.uasset" 553
"../../../Engine/Content/EngineMaterials/AntiAliasedTextMaterialTranslucent.uasset" 554
"../../../../../../Users/ALE/Documents/GAME_2nd/GAME LEVEL DESIGN 2/PROJECT 2/ALE_P2_MILESTONE_1/Content/StarterContent/Textures/T_Brick_Clay_Beveled_D.uasset" 555
"../../../../../../Users/ALE/Documents/GAME_2nd/GAME LEVEL DESIGN 2/PROJECT 2/ALE_P2_MILESTONE_1/Content/StarterContent/Textures/T_Brick_Clay_Beveled_M.uasset" 556
"../../../../../../Users/ALE/Documents/GAME_2nd/GAME LEVEL DESIGN 2/PROJECT 2/ALE_P2_MILESTONE_1/Content/StarterContent/Textures/T_Brick_Clay_Beveled_N.uasset" 557
"../../../../../../Users/ALE/Documents/GAME_2nd/GAME LEVEL DESIGN 2/PROJECT 2/ALE_P2_MILESTONE_1/Content/StarterContent/Materials/M_Brick_Clay_Beveled.uasset" 558
"../../../../../../Users/ALE/Documents/GAME_2nd/GAME LEVEL DESIGN 2/PROJECT 2/ALE_P2_MILESTONE_1/Content/StarterContent/Textures/T_Brick_Clay_New_D.uasset" 559
"../../../../../../Users/ALE/Documents/GAME_2nd/GAME LEVEL DESIGN 2/PROJECT 2/ALE_P2_MILESTONE_1/Content/StarterContent/Textures/T_Brick_Clay_New_M.uasset" 560
"../../../../../../Users/ALE/Documents/GAME_2nd/GAME LEVEL DESIGN 2/PROJECT 2/ALE_P2_MILESTONE_1/Content/StarterContent/Textures/T_Brick_Clay_New_N.uasset" 561
"../../../../../../Users/ALE/Documents/GAME_2nd/GAME LEVEL DESIGN 2/PROJECT 2/ALE_P2_MILESTONE_1/Content/StarterContent/Materials/M_Brick_Clay_New.uasset" 562
"../../../../../../Users/ALE/Documents/GAME_2nd/GAME LEVEL DESIGN 2/PROJECT 2/ALE_P2_MILESTONE_1/Content/StarterContent/Textures/T_Brick_Clay_Old_D.uasset" 563
"../../../../../../Users/ALE/Documents/GAME_2nd/GAME LEVEL DESIGN 2/PROJECT 2/ALE_P2_MILESTONE_1/Content/StarterContent/Textures/T_Brick_Clay_Old_N.uasset" 564
"../../../../../../Users/ALE/Documents/GAME_2nd/GAME LEVEL DESIGN 2/PROJECT 2/ALE_P2_MILESTONE_1/Content/StarterContent/Materials/M_Brick_Clay_Old.uasset" 565
"../../../../../../Users/ALE/Documents/GAME_2nd/GAME LEVEL DESIGN 2/PROJECT 2/ALE_P2_MILESTONE_1/Content/StarterContent/Textures/T_Brick_Cut_Stone_D.uasset" 566
"../../../../../../Users/ALE/Documents/GAME_2nd/GAME LEVEL DESIGN 2/PROJECT 2/ALE_P2_MILESTONE_1/Content/StarterContent/Textures/T_Brick_Cut_Stone_N.uasset" 567
"../../../../../../Users/ALE/Documents/GAME_2nd/GAME LEVEL DESIGN 2/PROJECT 2/ALE_P2_MILESTONE_1/Content/StarterContent/Materials/M_Brick_Cut_Stone.uasset" 568
"../../../../../../Users/ALE/Documents/GAME_2nd/GAME LEVEL DESIGN 2/PROJECT 2/ALE_P2_MILESTONE_1/Content/StarterContent/Textures/T_Brick_Hewn_Stone_D.uasset" 569
"../../../../../../Users/ALE/Documents/GAME_2nd/GAME LEVEL DESIGN 2/PROJECT 2/ALE_P2_MILESTONE_1/Content/StarterContent/Textures/T_Brick_Hewn_Stone_M.uasset" 570
"../../../../../../Users/ALE/Documents/GAME_2nd/GAME LEVEL DESIGN 2/PROJECT 2/ALE_P2_MILESTONE_1/Content/StarterContent/Textures/T_Brick_Hewn_Stone_N.uasset" 571
"../../../../../../Users/ALE/Documents/GAME_2nd/GAME LEVEL DESIGN 2/PROJECT 2/ALE_P2_MILESTONE_1/Content/StarterContent/Materials/M_Brick_Hewn_Stone.uasset" 572
"../../../../../../Users/ALE/Documents/GAME_2nd/GAME LEVEL DESIGN 2/PROJECT 2/ALE_P2_MILESTONE_1/Content/StarterContent/Textures/T_Ceramic_Tile_M.uasset" 573
"../../../../../../Users/ALE/Documents/GAME_2nd/GAME LEVEL DESIGN 2/PROJECT 2/ALE_P2_MILESTONE_1/Content/StarterContent/Textures/T_Ceramic_Tile_N.uasset" 574
"../../../../../../Users/ALE/Documents/GAME_2nd/GAME LEVEL DESIGN 2/PROJECT 2/ALE_P2_MILESTONE_1/Content/StarterContent/Textures/T_Rock_Marble_Polished_D.uasset" 575
"../../../../../../Users/ALE/Documents/GAME_2nd/GAME LEVEL DESIGN 2/PROJECT 2/ALE_P2_MILESTONE_1/Content/StarterContent/Materials/M_Ceramic_Tile_Checker.uasset" 576
"../../../../../../Users/ALE/Documents/GAME_2nd/GAME LEVEL DESIGN 2/PROJECT 2/ALE_P2_MILESTONE_1/Content/StarterContent/Textures/T_CobbleStone_Rough_D.uasset" 577
"../../../../../../Users/ALE/Documents/GAME_2nd/GAME LEVEL DESIGN 2/PROJECT 2/ALE_P2_MILESTONE_1/Content/StarterContent/Textures/T_CobbleStone_Rough_N.uasset" 578
"../../../../../../Users/ALE/Documents/GAME_2nd/GAME LEVEL DESIGN 2/PROJECT 2/ALE_P2_MILESTONE_1/Content/StarterContent/Textures/T_Gradinet_01.uasset" 579
"../../../../../../Users/ALE/Documents/GAME_2nd/GAME LEVEL DESIGN 2/PROJECT 2/ALE_P2_MILESTONE_1/Content/StarterContent/Textures/T_Rock_Smooth_Granite_D.uasset" 580
"../../../../../../Users/ALE/Documents/GAME_2nd/GAME LEVEL DESIGN 2/PROJECT 2/ALE_P2_MILESTONE_1/Content/StarterContent/Materials/M_CobbleStone_Rough.uasset" 581
"../../../../../../Users/ALE/Documents/GAME_2nd/GAME LEVEL DESIGN 2/PROJECT 2/ALE_P2_MILESTONE_1/Content/StarterContent/Textures/T_CobbleStone_Smooth_D.uasset" 582
"../../../../../../Users/ALE/Documents/GAME_2nd/GAME LEVEL DESIGN 2/PROJECT 2/ALE_P2_MILESTONE_1/Content/StarterContent/Textures/T_CobbleStone_Smooth_M.uasset" 583
"../../../../../../Users/ALE/Documents/GAME_2nd/GAME LEVEL DESIGN 2/PROJECT 2/ALE_P2_MILESTONE_1/Content/StarterContent/Textures/T_CobbleStone_Smooth_N.uasset" 584
"../../../../../../Users/ALE/Documents/GAME_2nd/GAME LEVEL DESIGN 2/PROJECT 2/ALE_P2_MILESTONE_1/Content/StarterContent/Materials/M_CobbleStone_Smooth.uasset" 585
"../../../../../../Users/ALE/Documents/GAME_2nd/GAME LEVEL DESIGN 2/PROJECT 2/ALE_P2_MILESTONE_1/Content/StarterContent/Textures/T_Concrete_Grime_D.uasset" 586
"../../../../../../Users/ALE/Documents/GAME_2nd/GAME LEVEL DESIGN 2/PROJECT 2/ALE_P2_MILESTONE_1/Content/StarterContent/Textures/T_Metal_Rust_N.uasset" 587
"../../../../../../Users/ALE/Documents/GAME_2nd/GAME LEVEL DESIGN 2/PROJECT 2/ALE_P2_MILESTONE_1/Content/StarterContent/Materials/M_Concrete_Grime.uasset" 588
"../../../../../../Users/ALE/Documents/GAME_2nd/GAME LEVEL DESIGN 2/PROJECT 2/ALE_P2_MILESTONE_1/Content/StarterContent/Textures/T_Concrete_Panels_D.uasset" 589
"../../../../../../Users/ALE/Documents/GAME_2nd/GAME LEVEL DESIGN 2/PROJECT 2/ALE_P2_MILESTONE_1/Content/StarterContent/Textures/T_Concrete_Panels_N.uasset" 590
"../../../../../../Users/ALE/Documents/GAME_2nd/GAME LEVEL DESIGN 2/PROJECT 2/ALE_P2_MILESTONE_1/Content/StarterContent/Materials/M_Concrete_Panels.uasset" 591
"../../../../../../Users/ALE/Documents/GAME_2nd/GAME LEVEL DESIGN 2/PROJECT 2/ALE_P2_MILESTONE_1/Content/StarterContent/Textures/T_Concrete_Poured_D.uasset" 592
"../../../../../../Users/ALE/Documents/GAME_2nd/GAME LEVEL DESIGN 2/PROJECT 2/ALE_P2_MILESTONE_1/Content/StarterContent/Textures/T_Concrete_Poured_N.uasset" 593
"../../../../../../Users/ALE/Documents/GAME_2nd/GAME LEVEL DESIGN 2/PROJECT 2/ALE_P2_MILESTONE_1/Content/StarterContent/Materials/M_Concrete_Poured.uasset" 594
"../../../../../../Users/ALE/Documents/GAME_2nd/GAME LEVEL DESIGN 2/PROJECT 2/ALE_P2_MILESTONE_1/Content/StarterContent/Textures/T_Concrete_Tiles_D.uasset" 595
"../../../../../../Users/ALE/Documents/GAME_2nd/GAME LEVEL DESIGN 2/PROJECT 2/ALE_P2_MILESTONE_1/Content/StarterContent/Textures/T_Concrete_Tiles_M.uasset" 596
"../../../../../../Users/ALE/Documents/GAME_2nd/GAME LEVEL DESIGN 2/PROJECT 2/ALE_P2_MILESTONE_1/Content/StarterContent/Textures/T_Concrete_Tiles_N.uasset" 597
"../../../../../../Users/ALE/Documents/GAME_2nd/GAME LEVEL DESIGN 2/PROJECT 2/ALE_P2_MILESTONE_1/Content/StarterContent/Textures/T_Concrete_Tiles_Variation_M.uasset" 598
"../../../../../../Users/ALE/Documents/GAME_2nd/GAME LEVEL DESIGN 2/PROJECT 2/ALE_P2_MILESTONE_1/Content/StarterContent/Materials/M_Concrete_Tiles.uasset" 599
"../../../../../../Users/ALE/Documents/GAME_2nd/GAME LEVEL DESIGN 2/PROJECT 2/ALE_P2_MILESTONE_1/Content/StarterContent/Textures/T_Ground_Grass_D.uasset" 600
"../../../../../../Users/ALE/Documents/GAME_2nd/GAME LEVEL DESIGN 2/PROJECT 2/ALE_P2_MILESTONE_1/Content/StarterContent/Textures/T_Ground_Grass_N.uasset" 601
"../../../../../../Users/ALE/Documents/GAME_2nd/GAME LEVEL DESIGN 2/PROJECT 2/ALE_P2_MILESTONE_1/Content/StarterContent/Materials/M_Ground_Grass.uasset" 602
"../../../../../../Users/ALE/Documents/GAME_2nd/GAME LEVEL DESIGN 2/PROJECT 2/ALE_P2_MILESTONE_1/Content/StarterContent/Textures/T_Ground_Gravel_D.uasset" 603
"../../../../../../Users/ALE/Documents/GAME_2nd/GAME LEVEL DESIGN 2/PROJECT 2/ALE_P2_MILESTONE_1/Content/StarterContent/Textures/T_Ground_Gravel_N.uasset" 604
"../../../../../../Users/ALE/Documents/GAME_2nd/GAME LEVEL DESIGN 2/PROJECT 2/ALE_P2_MILESTONE_1/Content/StarterContent/Materials/M_Ground_Gravel.uasset" 605
"../../../../../../Users/ALE/Documents/GAME_2nd/GAME LEVEL DESIGN 2/PROJECT 2/ALE_P2_MILESTONE_1/Content/StarterContent/Textures/T_ground_Moss_D.uasset" 606
"../../../../../../Users/ALE/Documents/GAME_2nd/GAME LEVEL DESIGN 2/PROJECT 2/ALE_P2_MILESTONE_1/Content/StarterContent/Textures/T_Ground_Moss_N.uasset" 607
"../../../../../../Users/ALE/Documents/GAME_2nd/GAME LEVEL DESIGN 2/PROJECT 2/ALE_P2_MILESTONE_1/Content/StarterContent/Materials/M_Ground_Moss.uasset" 608
"../../../../../../Users/ALE/Documents/GAME_2nd/GAME LEVEL DESIGN 2/PROJECT 2/ALE_P2_MILESTONE_1/Content/StarterContent/Textures/T_Metal_Gold_D.uasset" 609
"../../../../../../Users/ALE/Documents/GAME_2nd/GAME LEVEL DESIGN 2/PROJECT 2/ALE_P2_MILESTONE_1/Content/StarterContent/Materials/M_Metal_Gold.uasset" 610
"../../../../../../Users/ALE/Documents/GAME_2nd/GAME LEVEL DESIGN 2/PROJECT 2/ALE_P2_MILESTONE_1/Content/StarterContent/Textures/T_Metal_Rust_D.uasset" 611
"../../../../../../Users/ALE/Documents/GAME_2nd/GAME LEVEL DESIGN 2/PROJECT 2/ALE_P2_MILESTONE_1/Content/StarterContent/Materials/M_Metal_Rust.uasset" 612
"../../../../../../Users/ALE/Documents/GAME_2nd/GAME LEVEL DESIGN 2/PROJECT 2/ALE_P2_MILESTONE_1/Content/StarterContent/Textures/T_Rock_Basalt_N.uasset" 613
"../../../../../../Users/ALE/Documents/GAME_2nd/GAME LEVEL DESIGN 2/PROJECT 2/ALE_P2_MILESTONE_1/Content/StarterContent/Materials/M_Rock_Basalt.uasset" 614
"../../../../../../Users/ALE/Documents/GAME_2nd/GAME LEVEL DESIGN 2/PROJECT 2/ALE_P2_MILESTONE_1/Content/StarterContent/Materials/M_Rock_Marble_Polished.uasset" 615
"../../../../../../Users/ALE/Documents/GAME_2nd/GAME LEVEL DESIGN 2/PROJECT 2/ALE_P2_MILESTONE_1/Content/StarterContent/Textures/T_Rock_Sandstone_D.uasset" 616
"../../../../../../Users/ALE/Documents/GAME_2nd/GAME LEVEL DESIGN 2/PROJECT 2/ALE_P2_MILESTONE_1/Content/StarterContent/Textures/T_Rock_Sandstone_N.uasset" 617
"../../../../../../Users/ALE/Documents/GAME_2nd/GAME LEVEL DESIGN 2/PROJECT 2/ALE_P2_MILESTONE_1/Content/StarterContent/Materials/M_Rock_Sandstone.uasset" 618
"../../../../../../Users/ALE/Documents/GAME_2nd/GAME LEVEL DESIGN 2/PROJECT 2/ALE_P2_MILESTONE_1/Content/StarterContent/Textures/T_Rock_Slate_D.uasset" 619
"../../../../../../Users/ALE/Documents/GAME_2nd/GAME LEVEL DESIGN 2/PROJECT 2/ALE_P2_MILESTONE_1/Content/StarterContent/Textures/T_Rock_Slate_N.uasset" 620
"../../../../../../Users/ALE/Documents/GAME_2nd/GAME LEVEL DESIGN 2/PROJECT 2/ALE_P2_MILESTONE_1/Content/StarterContent/Materials/M_Rock_Slate.uasset" 621
"../../../../../../Users/ALE/Documents/GAME_2nd/GAME LEVEL DESIGN 2/PROJECT 2/ALE_P2_MILESTONE_1/Content/StarterContent/Textures/T_Checker_Noise_M.uasset" 622
"../../../../../../Users/ALE/Documents/GAME_2nd/GAME LEVEL DESIGN 2/PROJECT 2/ALE_P2_MILESTONE_1/Content/StarterContent/Textures/T_Single_Tile_N.uasset" 623
"../../../../../../Users/ALE/Documents/GAME_2nd/GAME LEVEL DESIGN 2/PROJECT 2/ALE_P2_MILESTONE_1/Content/StarterContent/Textures/T_Tech_Dot_M.uasset" 624
"../../../../../../Users/ALE/Documents/GAME_2nd/GAME LEVEL DESIGN 2/PROJECT 2/ALE_P2_MILESTONE_1/Content/StarterContent/Textures/T_Tech_Dot_N.uasset" 625
"../../../../../../Users/ALE/Documents/GAME_2nd/GAME LEVEL DESIGN 2/PROJECT 2/ALE_P2_MILESTONE_1/Content/StarterContent/Materials/M_Tech_Checker_Dot.uasset" 626
"../../../../../../Users/ALE/Documents/GAME_2nd/GAME LEVEL DESIGN 2/PROJECT 2/ALE_P2_MILESTONE_1/Content/StarterContent/Textures/T_Tech_Hex_Tile_M.uasset" 627
"../../../../../../Users/ALE/Documents/GAME_2nd/GAME LEVEL DESIGN 2/PROJECT 2/ALE_P2_MILESTONE_1/Content/StarterContent/Textures/T_Tech_Hex_Tile_N.uasset" 628
"../../../../../../Users/ALE/Documents/GAME_2nd/GAME LEVEL DESIGN 2/PROJECT 2/ALE_P2_MILESTONE_1/Content/StarterContent/Materials/M_Tech_Hex_Tile.uasset" 629
"../../../../../../Users/ALE/Documents/GAME_2nd/GAME LEVEL DESIGN 2/PROJECT 2/ALE_P2_MILESTONE_1/Content/StarterContent/Materials/M_Tech_Hex_Tile_Pulse.uasset" 630
"../../../../../../Users/ALE/Documents/GAME_2nd/GAME LEVEL DESIGN 2/PROJECT 2/ALE_P2_MILESTONE_1/Content/StarterContent/Textures/T_Tech_Panel_M.uasset" 631
"../../../../../../Users/ALE/Documents/GAME_2nd/GAME LEVEL DESIGN 2/PROJECT 2/ALE_P2_MILESTONE_1/Content/StarterContent/Textures/T_Tech_Panel_N.uasset" 632
"../../../../../../Users/ALE/Documents/GAME_2nd/GAME LEVEL DESIGN 2/PROJECT 2/ALE_P2_MILESTONE_1/Content/StarterContent/Materials/M_Tech_Panel.uasset" 633
"../../../../../../Users/ALE/Documents/GAME_2nd/GAME LEVEL DESIGN 2/PROJECT 2/ALE_P2_MILESTONE_1/Content/StarterContent/Textures/T_Water_M.uasset" 634
"../../../../../../Users/ALE/Documents/GAME_2nd/GAME LEVEL DESIGN 2/PROJECT 2/ALE_P2_MILESTONE_1/Content/StarterContent/Materials/M_Water_Ocean.uasset" 635
"../../../Engine/Content/Functions/Engine_MaterialFunctions01/Opacity/AlphaOffset.uasset" 636
"../../../../../../Users/ALE/Documents/GAME_2nd/GAME LEVEL DESIGN 2/PROJECT 2/ALE_P2_MILESTONE_1/Content/StarterContent/Materials/M_Wood_Floor_Walnut_Worn.uasset" 637
"../../../../../../Users/ALE/Documents/GAME_2nd/GAME LEVEL DESIGN 2/PROJECT 2/ALE_P2_MILESTONE_1/Content/StarterContent/Textures/T_Wood_Oak_D.uasset" 638
"../../../../../../Users/ALE/Documents/GAME_2nd/GAME LEVEL DESIGN 2/PROJECT 2/ALE_P2_MILESTONE_1/Content/StarterContent/Textures/T_Wood_Oak_N.uasset" 639
"../../../../../../Users/ALE/Documents/GAME_2nd/GAME LEVEL DESIGN 2/PROJECT 2/ALE_P2_MILESTONE_1/Content/StarterContent/Materials/M_Wood_Oak.uasset" 640
"../../../../../../Users/ALE/Documents/GAME_2nd/GAME LEVEL DESIGN 2/PROJECT 2/ALE_P2_MILESTONE_1/Content/StarterContent/Textures/T_Wood_Pine_D.uasset" 641
"../../../../../../Users/ALE/Documents/GAME_2nd/GAME LEVEL DESIGN 2/PROJECT 2/ALE_P2_MILESTONE_1/Content/StarterContent/Textures/T_Wood_Pine_N.uasset" 642
"../../../../../../Users/ALE/Documents/GAME_2nd/GAME LEVEL DESIGN 2/PROJECT 2/ALE_P2_MILESTONE_1/Content/StarterContent/Materials/M_Wood_Pine.uasset" 643
"../../../../../../Users/ALE/Documents/GAME_2nd/GAME LEVEL DESIGN 2/PROJECT 2/ALE_P2_MILESTONE_1/Content/StarterContent/Textures/T_Wood_Walnut_D.uasset" 644
"../../../../../../Users/ALE/Documents/GAME_2nd/GAME LEVEL DESIGN 2/PROJECT 2/ALE_P2_MILESTONE_1/Content/StarterContent/Textures/T_Wood_Walnut_N.uasset" 645
"../../../../../../Users/ALE/Documents/GAME_2nd/GAME LEVEL DESIGN 2/PROJECT 2/ALE_P2_MILESTONE_1/Content/StarterContent/Materials/M_Wood_Walnut.uasset" 646
"../../../../../../Users/ALE/Documents/GAME_2nd/GAME LEVEL DESIGN 2/PROJECT 2/ALE_P2_MILESTONE_1/Content/StarterContent/Architecture/Wall_400x200.uasset" 647
"../../../../../../Users/ALE/Documents/GAME_2nd/GAME LEVEL DESIGN 2/PROJECT 2/ALE_P2_MILESTONE_1/Content/StarterContent/Architecture/Wall_Door_400x300.uasset" 648
"../../../../../../Users/ALE/Documents/GAME_2nd/GAME LEVEL DESIGN 2/PROJECT 2/ALE_P2_MILESTONE_1/Content/StarterContent/Architecture/Wall_Window_400x300.uasset" 649
"../../../../../../Users/ALE/Documents/GAME_2nd/GAME LEVEL DESIGN 2/PROJECT 2/ALE_P2_MILESTONE_1/Content/StarterContent/Audio/Collapse_Cue.uasset" 650
"../../../../../../Users/ALE/Documents/GAME_2nd/GAME LEVEL DESIGN 2/PROJECT 2/ALE_P2_MILESTONE_1/Content/StarterContent/Audio/Starter_Music_Cue.uasset" 651
"../../../../../../Users/ALE/Documents/GAME_2nd/GAME LEVEL DESIGN 2/PROJECT 2/ALE_P2_MILESTONE_1/Content/StarterContent/Textures/T_Dust_Particle_D.uasset" 652
"../../../../../../Users/ALE/Documents/GAME_2nd/GAME LEVEL DESIGN 2/PROJECT 2/ALE_P2_MILESTONE_1/Content/StarterContent/Particles/Materials/M_Dust_Particle.uasset" 653
"../../../../../../Users/ALE/Documents/GAME_2nd/GAME LEVEL DESIGN 2/PROJECT 2/ALE_P2_MILESTONE_1/Content/StarterContent/Particles/P_Ambient_Dust.uasset" 654
"../../../../../../Users/ALE/Documents/GAME_2nd/GAME LEVEL DESIGN 2/PROJECT 2/ALE_P2_MILESTONE_1/Content/StarterContent/Props/MaterialSphere.uasset" 655
"../../../../../../Users/ALE/Documents/GAME_2nd/GAME LEVEL DESIGN 2/PROJECT 2/ALE_P2_MILESTONE_1/Content/StarterContent/Textures/T_Frame_M.uasset" 656
"../../../../../../Users/ALE/Documents/GAME_2nd/GAME LEVEL DESIGN 2/PROJECT 2/ALE_P2_MILESTONE_1/Content/StarterContent/Textures/T_Frame_N.uasset" 657
"../../../../../../Users/ALE/Documents/GAME_2nd/GAME LEVEL DESIGN 2/PROJECT 2/ALE_P2_MILESTONE_1/Content/StarterContent/Props/Materials/M_Frame.uasset" 658
"../../../../../../Users/ALE/Documents/GAME_2nd/GAME LEVEL DESIGN 2/PROJECT 2/ALE_P2_MILESTONE_1/Content/StarterContent/Props/SM_CornerFrame.uasset" 659
"../../../../../../Users/ALE/Documents/GAME_2nd/GAME LEVEL DESIGN 2/PROJECT 2/ALE_P2_MILESTONE_1/Content/StarterContent/Props/SM_DoorFrame.uasset" 660
"../../../../../../Users/ALE/Documents/GAME_2nd/GAME LEVEL DESIGN 2/PROJECT 2/ALE_P2_MILESTONE_1/Content/StarterContent/Props/SM_GlassWindow.uasset" 661
"../../../../../../Users/ALE/Documents/GAME_2nd/GAME LEVEL DESIGN 2/PROJECT 2/ALE_P2_MILESTONE_1/Content/StarterContent/Props/SM_PillarFrame.uasset" 662
"../../../../../../Users/ALE/Documents/GAME_2nd/GAME LEVEL DESIGN 2/PROJECT 2/ALE_P2_MILESTONE_1/Content/StarterContent/Props/SM_PillarFrame300.uasset" 663
"../../../../../../Users/ALE/Documents/GAME_2nd/GAME LEVEL DESIGN 2/PROJECT 2/ALE_P2_MILESTONE_1/Content/StarterContent/Props/SM_WindowFrame.uasset" 664
"../../../../../../Users/ALE/Documents/GAME_2nd/GAME LEVEL DESIGN 2/PROJECT 2/ALE_P2_MILESTONE_1/Content/StarterContent/Shapes/Shape_Cube.uasset" 665
"../../../../../../Users/ALE/Documents/GAME_2nd/GAME LEVEL DESIGN 2/PROJECT 2/ALE_P2_MILESTONE_1/Content/StarterContent/Shapes/Shape_QuadPyramid.uasset" 666
"../../../../../../Users/ALE/Documents/GAME_2nd/GAME LEVEL DESIGN 2/PROJECT 2/ALE_P2_MILESTONE_1/Content/StarterContent/Shapes/Shape_Sphere.uasset" 667
"../../../../../../Users/ALE/Documents/GAME_2nd/GAME LEVEL DESIGN 2/PROJECT 2/ALE_P2_MILESTONE_1/Content/StarterContent/Maps/StarterMap.umap" 668
"../../../Engine/Content/Maps/Entry_BuiltData.uasset" 669
"../../../Engine/Content/Maps/Entry.umap" 670
